TN:
SF:src\chat\socketAuth.ts
FN:12,addMessengerUser
FN:31,sessionIdsAreEqual
FN:41,useSocketAuth
FN:42,socketAuth
FN:47,(anonymous_13)
FNF:5
FNH:1
FNDA:3,addMessengerUser
FNDA:0,sessionIdsAreEqual
FNDA:0,useSocketAuth
FNDA:0,socketAuth
FNDA:0,(anonymous_13)
DA:3,1
DA:4,1
DA:9,1
DA:10,1
DA:12,1
DA:17,3
DA:18,3
DA:20,3
DA:22,3
DA:31,1
DA:32,0
DA:33,0
DA:38,0
DA:41,1
DA:43,0
DA:45,0
DA:47,0
DA:48,0
DA:49,0
DA:52,0
DA:54,0
DA:58,0
LF:22
LH:11
BRDA:38,0,0,0
BRDA:38,0,1,0
BRDA:45,1,0,0
BRDA:45,1,1,0
BRDA:48,2,0,0
BRDA:48,2,1,0
BRDA:48,3,0,0
BRDA:48,3,1,0
BRF:8
BRH:0
end_of_record
TN:
SF:src\chat\entities\ChatMessage.ts
FN:3,ChatMessage
FNF:1
FNH:1
FNDA:1,ChatMessage
DA:3,2
DA:8,1
LF:2
LH:2
BRF:0
BRH:0
end_of_record
TN:
SF:src\chat\entities\ChatUser.ts
FN:1,ChatUser
FNF:1
FNH:1
FNDA:30,ChatUser
DA:1,7
DA:6,30
LF:2
LH:2
BRF:0
BRH:0
end_of_record
TN:
SF:src\chat\entities\Whisper.ts
FN:3,Whisper
FNF:1
FNH:1
FNDA:1,Whisper
DA:3,2
DA:8,1
LF:2
LH:2
BRF:0
BRH:0
end_of_record
TN:
SF:src\chat\handlers\addChat.ts
FN:7,addChat
FN:15,(anonymous_9)
FNF:2
FNH:2
FNDA:6,addChat
FNDA:6,(anonymous_9)
DA:4,1
DA:5,1
DA:7,1
DA:15,6
DA:16,6
DA:19,6
DA:21,6
DA:23,6
DA:24,6
LF:9
LH:9
BRDA:16,0,0,0
BRDA:16,0,1,6
BRF:2
BRH:1
end_of_record
TN:
SF:src\chat\handlers\addRoom.ts
FN:6,addRoom
FNF:1
FNH:1
FNDA:12,addRoom
DA:4,1
DA:6,1
DA:14,12
DA:15,12
DA:18,12
DA:19,12
DA:20,12
DA:22,12
DA:24,12
DA:29,12
DA:31,12
DA:32,12
DA:34,12
DA:37,12
DA:39,12
LF:15
LH:15
BRDA:14,0,0,0
BRDA:14,0,1,12
BRDA:19,1,0,12
BRDA:19,1,1,0
BRF:4
BRH:2
end_of_record
TN:
SF:src\chat\handlers\addWhisper.ts
FN:9,addWhisper
FN:28,(anonymous_9)
FNF:2
FNH:2
FNDA:14,addWhisper
FNDA:3,(anonymous_9)
DA:6,1
DA:7,1
DA:9,1
DA:20,14
DA:21,14
DA:22,3
DA:26,11
DA:28,11
DA:29,11
DA:31,8
DA:32,8
DA:34,5
DA:36,5
DA:37,5
LF:14
LH:14
BRDA:21,0,0,3
BRDA:21,0,1,11
BRDA:29,1,0,3
BRDA:29,1,1,8
BRDA:32,2,0,3
BRDA:32,2,1,5
BRF:6
BRH:6
end_of_record
TN:
SF:src\chat\handlers\disconnecting.ts
FN:8,disconnecting
FNF:1
FNH:1
FNDA:14,disconnecting
DA:6,1
DA:8,1
DA:18,14
DA:21,14
DA:22,14
DA:23,14
DA:26,14
DA:30,14
DA:32,14
DA:33,14
DA:34,28
DA:35,28
DA:37,16
DA:42,14
LF:14
LH:14
BRDA:22,0,0,14
BRDA:22,0,1,0
BRDA:32,1,0,14
BRDA:32,1,1,0
BRDA:35,2,0,12
BRDA:35,2,1,16
BRF:6
BRH:4
end_of_record
TN:
SF:src\chat\handlers\getOnline.ts
FN:7,getOnline
FNF:1
FNH:1
FNDA:8,getOnline
DA:5,1
DA:7,1
DA:15,8
DA:16,8
DA:18,8
DA:20,8
DA:21,16
DA:22,16
DA:24,10
DA:27,10
DA:30,8
LF:11
LH:11
BRDA:16,0,0,0
BRDA:16,0,1,8
BRDA:22,1,0,6
BRDA:22,1,1,10
BRF:4
BRH:3
end_of_record
TN:
SF:src\chat\handlers\getUser.ts
FN:5,getUser
FNF:1
FNH:1
FNDA:2,getUser
DA:5,1
DA:6,2
DA:7,2
LF:3
LH:3
BRF:0
BRH:0
end_of_record
TN:
SF:src\chat\handlers\rejoinRoom.ts
FN:6,rejoinRoom
FNF:1
FNH:1
FNDA:7,rejoinRoom
DA:4,1
DA:6,1
DA:14,7
DA:16,7
DA:18,7
DA:19,7
DA:21,7
DA:23,7
DA:25,7
LF:9
LH:9
BRDA:14,0,0,0
BRDA:14,0,1,7
BRF:2
BRH:1
end_of_record
TN:
SF:src\controllers\content.ts
FN:7,(anonymous_7)
FN:16,(anonymous_9)
FN:26,(anonymous_11)
FNF:3
FNH:3
FNDA:3,(anonymous_7)
FNDA:3,(anonymous_9)
FNDA:3,(anonymous_11)
DA:3,1
DA:4,1
DA:6,1
DA:8,3
DA:10,3
DA:12,3
DA:14,3
DA:17,3
DA:18,3
DA:20,3
DA:22,3
DA:24,3
DA:27,3
DA:29,3
DA:31,3
DA:33,3
DA:35,3
LF:17
LH:17
BRF:0
BRH:0
end_of_record
TN:
SF:src\controllers\contentType.ts
FN:7,(anonymous_7)
FN:14,(anonymous_9)
FNF:2
FNH:2
FNDA:3,(anonymous_7)
FNDA:3,(anonymous_9)
DA:3,1
DA:4,1
DA:6,1
DA:8,3
DA:10,3
DA:12,3
DA:15,3
DA:17,3
DA:19,3
DA:21,3
LF:10
LH:10
BRF:0
BRH:0
end_of_record
TN:
SF:src\controllers\cuisine.ts
FN:7,(anonymous_7)
FN:14,(anonymous_9)
FN:23,(anonymous_11)
FNF:3
FNH:3
FNDA:3,(anonymous_7)
FNDA:3,(anonymous_9)
FNDA:3,(anonymous_11)
DA:3,1
DA:4,1
DA:6,1
DA:8,3
DA:10,3
DA:12,3
DA:15,3
DA:17,3
DA:19,3
DA:21,3
DA:24,3
DA:26,3
DA:28,3
DA:30,3
LF:14
LH:14
BRF:0
BRH:0
end_of_record
TN:
SF:src\controllers\cuisineEquipment.ts
FN:7,(anonymous_7)
FNF:1
FNH:1
FNDA:3,(anonymous_7)
DA:3,1
DA:4,1
DA:6,1
DA:8,3
DA:10,3
DA:12,3
DA:14,3
LF:7
LH:7
BRF:0
BRH:0
end_of_record
TN:
SF:src\controllers\cuisineIngredient.ts
FN:7,(anonymous_7)
FNF:1
FNH:1
FNDA:3,(anonymous_7)
DA:3,1
DA:4,1
DA:6,1
DA:8,3
DA:10,3
DA:12,3
DA:14,3
LF:7
LH:7
BRF:0
BRH:0
end_of_record
TN:
SF:src\controllers\cuisineSupplier.ts
FN:7,(anonymous_7)
FNF:1
FNH:1
FNDA:3,(anonymous_7)
DA:3,1
DA:4,1
DA:6,1
DA:8,3
DA:10,3
DA:12,3
DA:14,3
LF:7
LH:7
BRF:0
BRH:0
end_of_record
TN:
SF:src\controllers\equipment.ts
FN:7,(anonymous_7)
FN:17,(anonymous_9)
FNF:2
FNH:2
FNDA:3,(anonymous_7)
FNDA:3,(anonymous_9)
DA:3,1
DA:4,1
DA:6,1
DA:8,3
DA:9,3
DA:11,3
DA:13,3
DA:15,3
DA:18,3
DA:19,3
DA:20,3
DA:22,3
DA:24,3
DA:26,3
LF:14
LH:14
BRF:0
BRH:0
end_of_record
TN:
SF:src\controllers\equipmentType.ts
FN:7,(anonymous_7)
FN:14,(anonymous_9)
FNF:2
FNH:2
FNDA:3,(anonymous_7)
FNDA:3,(anonymous_9)
DA:3,1
DA:4,1
DA:6,1
DA:8,3
DA:10,3
DA:12,3
DA:15,3
DA:17,3
DA:19,3
DA:21,3
LF:10
LH:10
BRF:0
BRH:0
end_of_record
TN:
SF:src\controllers\ingredient.ts
FN:7,(anonymous_7)
FN:17,(anonymous_9)
FNF:2
FNH:2
FNDA:3,(anonymous_7)
FNDA:3,(anonymous_9)
DA:3,1
DA:4,1
DA:6,1
DA:8,3
DA:9,3
DA:11,3
DA:13,3
DA:15,3
DA:18,3
DA:19,3
DA:20,3
DA:22,3
DA:24,3
DA:26,3
LF:14
LH:14
BRF:0
BRH:0
end_of_record
TN:
SF:src\controllers\ingredientType.ts
FN:7,(anonymous_7)
FN:14,(anonymous_9)
FNF:2
FNH:2
FNDA:3,(anonymous_7)
FNDA:3,(anonymous_9)
DA:3,1
DA:4,1
DA:6,1
DA:8,3
DA:10,3
DA:12,3
DA:15,3
DA:17,3
DA:19,3
DA:21,3
LF:10
LH:10
BRF:0
BRH:0
end_of_record
TN:
SF:src\controllers\measurement.ts
FN:7,(anonymous_7)
FN:14,(anonymous_9)
FNF:2
FNH:2
FNDA:3,(anonymous_7)
FNDA:3,(anonymous_9)
DA:3,1
DA:4,1
DA:6,1
DA:8,3
DA:10,3
DA:12,3
DA:15,3
DA:17,3
DA:19,3
DA:21,3
LF:10
LH:10
BRF:0
BRH:0
end_of_record
TN:
SF:src\controllers\method.ts
FN:7,(anonymous_7)
FN:14,(anonymous_9)
FNF:2
FNH:2
FNDA:3,(anonymous_7)
FNDA:3,(anonymous_9)
DA:3,1
DA:4,1
DA:6,1
DA:8,3
DA:10,3
DA:12,3
DA:15,3
DA:17,3
DA:19,3
DA:21,3
LF:10
LH:10
BRF:0
BRH:0
end_of_record
TN:
SF:src\controllers\profile.ts
FN:11,(anonymous_7)
FNF:1
FNH:1
FNDA:6,(anonymous_7)
DA:2,1
DA:4,1
DA:5,1
DA:6,1
DA:7,1
DA:8,1
DA:10,1
DA:12,6
DA:14,6
DA:16,6
DA:18,6
DA:19,6
DA:21,6
DA:22,6
DA:24,6
DA:26,6
DA:28,6
DA:30,6
DA:32,6
LF:19
LH:19
BRDA:19,0,0,0
BRDA:19,0,1,6
BRF:2
BRH:1
end_of_record
TN:
SF:src\controllers\recipe.ts
FN:11,(anonymous_7)
FN:21,(anonymous_9)
FNF:2
FNH:2
FNDA:3,(anonymous_7)
FNDA:3,(anonymous_9)
DA:4,1
DA:8,1
DA:10,1
DA:12,3
DA:13,3
DA:15,3
DA:17,3
DA:19,3
DA:22,3
DA:23,3
DA:24,3
DA:29,3
DA:31,3
DA:33,3
LF:14
LH:14
BRF:0
BRH:0
end_of_record
TN:
SF:src\controllers\recipeType.ts
FN:11,(anonymous_7)
FN:18,(anonymous_9)
FNF:2
FNH:2
FNDA:3,(anonymous_7)
FNDA:4,(anonymous_9)
DA:2,1
DA:4,1
DA:5,1
DA:8,1
DA:10,1
DA:12,3
DA:14,3
DA:16,3
DA:19,4
DA:21,4
DA:23,4
DA:25,4
DA:27,4
LF:13
LH:13
BRF:0
BRH:0
end_of_record
TN:
SF:src\controllers\search.ts
FN:28,(anonymous_7)
FN:37,(anonymous_9)
FN:46,(anonymous_11)
FN:55,(anonymous_13)
FN:64,(anonymous_15)
FN:73,(anonymous_17)
FNF:6
FNH:6
FNDA:3,(anonymous_7)
FNDA:3,(anonymous_9)
FNDA:3,(anonymous_11)
FNDA:3,(anonymous_13)
FNDA:3,(anonymous_15)
FNDA:3,(anonymous_17)
DA:3,1
DA:4,1
DA:5,1
DA:6,1
DA:7,1
DA:9,1
DA:29,3
DA:31,3
DA:33,3
DA:35,3
DA:38,3
DA:40,3
DA:42,3
DA:44,3
DA:47,3
DA:49,3
DA:51,3
DA:53,3
DA:56,3
DA:58,3
DA:60,3
DA:62,3
DA:65,3
DA:67,3
DA:69,3
DA:71,3
DA:74,3
DA:76,3
DA:78,3
DA:80,3
LF:30
LH:30
BRF:0
BRH:0
end_of_record
TN:
SF:src\controllers\staff\auth.ts
FN:17,(anonymous_8)
FN:69,(anonymous_10)
FN:108,(anonymous_12)
FN:109,(anonymous_14)
FNF:4
FNH:1
FNDA:0,(anonymous_8)
FNDA:0,(anonymous_10)
FNDA:2,(anonymous_12)
FNDA:0,(anonymous_14)
DA:2,1
DA:4,1
DA:6,1
DA:7,1
DA:8,1
DA:11,1
DA:12,1
DA:14,1
DA:16,1
DA:18,0
DA:20,0
DA:22,0
DA:23,0
DA:26,0
DA:27,0
DA:33,0
DA:34,0
DA:37,0
DA:38,0
DA:41,0
DA:42,0
DA:47,0
DA:49,0
DA:50,0
DA:51,0
DA:54,0
DA:55,0
DA:56,0
DA:59,0
DA:61,0
DA:63,0
DA:65,0
DA:67,0
DA:70,0
DA:72,0
DA:75,0
DA:76,0
DA:79,0
DA:81,0
DA:83,0
DA:85,0
DA:86,0
DA:87,0
DA:92,0
DA:93,0
DA:94,0
DA:97,0
DA:98,0
DA:99,0
DA:100,0
DA:102,0
DA:109,2
DA:110,2
LF:53
LH:11
BRDA:22,0,0,0
BRDA:22,0,1,0
BRDA:26,1,0,0
BRDA:26,1,1,0
BRDA:33,2,0,0
BRDA:33,2,1,0
BRDA:37,3,0,0
BRDA:37,3,1,0
BRDA:41,4,0,0
BRDA:41,4,1,0
BRDA:50,5,0,0
BRDA:50,5,1,0
BRDA:55,6,0,0
BRDA:55,6,1,0
BRDA:75,7,0,0
BRDA:75,7,1,0
BRDA:79,8,0,0
BRDA:79,8,1,0
BRDA:81,9,0,0
BRDA:81,9,1,0
BRDA:86,10,0,0
BRDA:86,10,1,0
BRDA:93,11,0,0
BRDA:93,11,1,0
BRF:24
BRH:0
end_of_record
TN:
SF:src\controllers\staff\content.ts
FN:14,(anonymous_7)
FN:44,(anonymous_9)
FN:71,(anonymous_11)
FNF:3
FNH:3
FNDA:4,(anonymous_7)
FNDA:4,(anonymous_9)
FNDA:3,(anonymous_11)
DA:2,1
DA:4,1
DA:5,1
DA:8,1
DA:11,1
DA:13,1
DA:15,4
DA:16,4
DA:18,4
DA:19,4
DA:20,4
DA:22,4
DA:33,4
DA:38,4
DA:40,4
DA:42,4
DA:45,4
DA:46,4
DA:47,4
DA:49,4
DA:51,4
DA:60,4
DA:65,4
DA:67,4
DA:69,4
DA:72,3
DA:74,3
DA:76,3
DA:78,3
DA:80,3
LF:30
LH:30
BRF:0
BRH:0
end_of_record
TN:
SF:src\controllers\staff\cuisineEquipment.ts
FN:7,(anonymous_7)
FN:17,(anonymous_9)
FNF:2
FNH:2
FNDA:3,(anonymous_7)
FNDA:3,(anonymous_9)
DA:3,1
DA:4,1
DA:6,1
DA:8,3
DA:9,3
DA:11,3
DA:13,3
DA:15,3
DA:18,3
DA:19,3
DA:21,3
DA:23,3
DA:25,3
LF:13
LH:13
BRF:0
BRH:0
end_of_record
TN:
SF:src\controllers\staff\cuisineIngredient.ts
FN:7,(anonymous_7)
FN:17,(anonymous_9)
FNF:2
FNH:2
FNDA:3,(anonymous_7)
FNDA:3,(anonymous_9)
DA:3,1
DA:4,1
DA:6,1
DA:8,3
DA:9,3
DA:11,3
DA:13,3
DA:15,3
DA:18,3
DA:19,3
DA:21,3
DA:23,3
DA:25,3
LF:13
LH:13
BRF:0
BRH:0
end_of_record
TN:
SF:src\controllers\staff\cuisineSupplier.ts
FN:7,(anonymous_7)
FN:17,(anonymous_9)
FNF:2
FNH:2
FNDA:3,(anonymous_7)
FNDA:3,(anonymous_9)
DA:3,1
DA:4,1
DA:6,1
DA:8,3
DA:9,3
DA:11,3
DA:13,3
DA:15,3
DA:18,3
DA:19,3
DA:21,3
DA:23,3
DA:25,3
LF:13
LH:13
BRF:0
BRH:0
end_of_record
TN:
SF:src\controllers\staff\equipment.ts
FN:13,(anonymous_7)
FN:46,(anonymous_9)
FN:77,(anonymous_11)
FNF:3
FNH:3
FNDA:4,(anonymous_7)
FNDA:4,(anonymous_9)
FNDA:4,(anonymous_11)
DA:2,1
DA:4,1
DA:5,1
DA:6,1
DA:7,1
DA:10,1
DA:12,1
DA:14,4
DA:15,4
DA:17,4
DA:18,4
DA:20,4
DA:29,4
DA:31,4
DA:33,4
DA:35,4
DA:38,4
DA:40,4
DA:42,4
DA:44,4
DA:47,4
DA:48,4
DA:49,4
DA:51,4
DA:52,4
DA:54,4
DA:63,4
DA:65,4
DA:67,4
DA:69,4
DA:71,4
DA:73,4
DA:75,4
DA:78,4
DA:80,4
DA:81,4
DA:83,4
DA:84,4
DA:86,4
LF:39
LH:39
BRF:0
BRH:0
end_of_record
TN:
SF:src\controllers\staff\ingredient.ts
FN:13,(anonymous_7)
FN:52,(anonymous_9)
FN:89,(anonymous_11)
FNF:3
FNH:3
FNDA:4,(anonymous_7)
FNDA:4,(anonymous_9)
FNDA:4,(anonymous_11)
DA:2,1
DA:4,1
DA:5,1
DA:6,1
DA:7,1
DA:10,1
DA:12,1
DA:14,4
DA:15,4
DA:17,4
DA:19,4
DA:21,4
DA:22,4
DA:24,4
DA:35,4
DA:37,4
DA:39,4
DA:41,4
DA:44,4
DA:46,4
DA:48,4
DA:50,4
DA:53,4
DA:54,4
DA:55,4
DA:57,4
DA:59,4
DA:61,4
DA:62,4
DA:64,4
DA:75,4
DA:77,4
DA:79,4
DA:81,4
DA:83,4
DA:85,4
DA:87,4
DA:90,4
DA:92,4
DA:93,4
DA:95,4
DA:96,4
DA:98,4
LF:43
LH:43
BRDA:16,0,0,4
BRDA:16,0,1,0
BRDA:18,1,0,4
BRDA:18,1,1,0
BRDA:56,2,0,4
BRDA:56,2,1,0
BRDA:58,3,0,4
BRDA:58,3,1,0
BRF:8
BRH:4
end_of_record
TN:
SF:src\controllers\staff\recipe.ts
FN:19,(anonymous_7)
FN:70,(anonymous_9)
FN:128,(anonymous_11)
FNF:3
FNH:3
FNDA:10,(anonymous_7)
FNDA:10,(anonymous_9)
FNDA:11,(anonymous_11)
DA:2,1
DA:4,1
DA:5,1
DA:6,1
DA:7,1
DA:8,1
DA:9,1
DA:10,1
DA:11,1
DA:12,1
DA:13,1
DA:14,1
DA:15,1
DA:16,1
DA:18,1
DA:20,10
DA:21,10
DA:36,10
DA:38,10
DA:39,10
DA:41,10
DA:57,10
DA:59,10
DA:68,10
DA:71,10
DA:72,10
DA:73,10
DA:88,10
DA:90,10
DA:91,10
DA:93,10
DA:94,0
DA:97,10
DA:113,10
DA:115,10
DA:126,10
DA:129,11
DA:132,11
DA:133,11
DA:134,11
DA:135,11
DA:136,11
DA:137,11
DA:138,11
DA:140,11
DA:143,11
DA:153,11
DA:155,11
DA:157,11
LF:49
LH:48
BRDA:93,0,0,0
BRDA:93,0,1,10
BRF:2
BRH:1
end_of_record
TN:
SF:src\controllers\user\auth.ts
FN:39,(anonymous_8)
FN:69,(anonymous_10)
FN:86,(anonymous_12)
FN:102,(anonymous_14)
FN:124,(anonymous_16)
FN:125,(anonymous_18)
FN:128,(anonymous_19)
FN:144,(anonymous_21)
FNF:8
FNH:7
FNDA:26,(anonymous_8)
FNDA:19,(anonymous_10)
FNDA:19,(anonymous_12)
FNDA:19,(anonymous_14)
FNDA:2,(anonymous_16)
FNDA:0,(anonymous_18)
FNDA:4,(anonymous_19)
FNDA:18,(anonymous_21)
DA:2,1
DA:3,1
DA:4,1
DA:6,1
DA:7,1
DA:10,1
DA:21,1
DA:22,1
DA:23,1
DA:24,1
DA:25,1
DA:27,1
DA:28,1
DA:29,1
DA:30,1
DA:31,1
DA:32,1
DA:33,1
DA:34,1
DA:36,1
DA:38,1
DA:40,26
DA:42,26
DA:44,26
DA:47,26
DA:48,26
DA:50,8
DA:52,8
DA:54,8
DA:61,8
DA:63,8
DA:65,8
DA:67,8
DA:70,19
DA:72,19
DA:74,19
DA:77,19
DA:78,19
DA:79,15
DA:82,4
DA:84,4
DA:87,19
DA:89,19
DA:91,19
DA:93,19
DA:94,19
DA:96,4
DA:98,4
DA:100,4
DA:103,19
DA:105,19
DA:107,19
DA:110,19
DA:111,19
DA:113,3
DA:114,3
DA:115,3
DA:116,3
DA:118,3
DA:125,2
DA:126,2
DA:129,4
DA:131,4
DA:133,4
DA:135,4
DA:137,4
DA:139,4
DA:142,4
DA:145,18
DA:147,18
DA:148,18
DA:149,18
DA:150,18
DA:151,18
DA:153,18
DA:154,18
DA:155,18
DA:156,18
DA:157,18
DA:158,18
DA:159,18
DA:160,18
DA:164,18
DA:173,18
DA:176,18
DA:178,18
DA:186,18
DA:188,18
DA:193,18
DA:195,18
LF:90
LH:90
BRDA:48,0,0,18
BRDA:48,0,1,8
BRDA:78,1,0,15
BRDA:78,1,1,4
BRDA:94,2,0,15
BRDA:94,2,1,4
BRDA:111,3,0,16
BRDA:111,3,1,3
BRDA:111,4,0,19
BRDA:111,4,1,3
BRF:10
BRH:10
end_of_record
TN:
SF:src\controllers\user\equipment.ts
FN:12,(anonymous_7)
FN:22,(anonymous_9)
FN:33,(anonymous_11)
FN:57,(anonymous_13)
FN:82,(anonymous_15)
FNF:5
FNH:5
FNDA:3,(anonymous_7)
FNDA:3,(anonymous_9)
FNDA:4,(anonymous_11)
FNDA:4,(anonymous_13)
FNDA:4,(anonymous_15)
DA:2,1
DA:4,1
DA:5,1
DA:8,1
DA:9,1
DA:11,1
DA:13,3
DA:14,3
DA:16,3
DA:18,3
DA:20,3
DA:23,3
DA:24,3
DA:25,3
DA:27,3
DA:29,3
DA:31,3
DA:34,4
DA:35,4
DA:37,4
DA:38,4
DA:40,4
DA:49,4
DA:51,4
DA:53,4
DA:55,4
DA:58,4
DA:59,4
DA:60,4
DA:62,4
DA:63,4
DA:65,4
DA:74,4
DA:76,4
DA:78,4
DA:80,4
DA:83,4
DA:84,4
DA:86,4
DA:87,4
DA:89,4
DA:90,4
DA:92,4
LF:43
LH:43
BRF:0
BRH:0
end_of_record
TN:
SF:src\controllers\user\favoriteRecipe.ts
FN:11,(anonymous_7)
FN:20,(anonymous_9)
FN:32,(anonymous_11)
FNF:3
FNH:3
FNDA:3,(anonymous_7)
FNDA:4,(anonymous_9)
FNDA:4,(anonymous_11)
DA:2,1
DA:4,1
DA:5,1
DA:8,1
DA:10,1
DA:12,3
DA:14,3
DA:16,3
DA:18,3
DA:21,4
DA:22,4
DA:24,4
DA:26,4
DA:28,4
DA:30,4
DA:33,4
DA:34,4
DA:36,4
DA:38,4
DA:40,4
DA:42,4
LF:21
LH:21
BRF:0
BRH:0
end_of_record
TN:
SF:src\controllers\user\friendship.ts
FN:12,(anonymous_7)
FN:21,(anonymous_9)
FN:68,(anonymous_11)
FN:85,(anonymous_13)
FN:102,(anonymous_15)
FN:119,(anonymous_17)
FN:136,(anonymous_19)
FNF:7
FNH:7
FNDA:3,(anonymous_7)
FNDA:19,(anonymous_9)
FNDA:7,(anonymous_11)
FNDA:7,(anonymous_13)
FNDA:7,(anonymous_15)
FNDA:7,(anonymous_17)
FNDA:7,(anonymous_19)
DA:2,1
DA:4,1
DA:5,1
DA:8,1
DA:9,1
DA:11,1
DA:13,3
DA:15,3
DA:17,3
DA:19,3
DA:22,19
DA:24,19
DA:26,19
DA:27,19
DA:29,16
DA:30,16
DA:32,16
DA:34,16
DA:35,16
DA:38,13
DA:39,13
DA:40,5
DA:47,5
DA:49,5
DA:51,5
DA:54,8
DA:55,8
DA:56,2
DA:58,6
DA:59,2
DA:61,4
DA:62,2
DA:64,2
DA:65,2
DA:69,7
DA:71,7
DA:73,7
DA:74,7
DA:76,4
DA:77,4
DA:79,4
DA:81,4
DA:83,4
DA:86,7
DA:88,7
DA:90,7
DA:91,7
DA:93,4
DA:94,4
DA:96,4
DA:98,4
DA:100,4
DA:103,7
DA:105,7
DA:107,7
DA:108,7
DA:110,4
DA:111,4
DA:113,4
DA:115,4
DA:117,4
DA:120,7
DA:122,7
DA:124,7
DA:125,7
DA:127,4
DA:128,4
DA:130,4
DA:132,4
DA:134,4
DA:137,7
DA:139,7
DA:141,7
DA:142,7
DA:144,4
DA:145,4
DA:147,4
DA:149,4
DA:151,4
LF:79
LH:79
BRDA:27,0,0,3
BRDA:27,0,1,16
BRDA:35,1,0,3
BRDA:35,1,1,13
BRDA:39,2,0,5
BRDA:39,2,1,8
BRDA:55,3,0,2
BRDA:55,3,1,6
BRDA:58,4,0,2
BRDA:58,4,1,4
BRDA:61,5,0,2
BRDA:61,5,1,2
BRDA:64,6,0,2
BRDA:64,6,1,0
BRDA:74,7,0,3
BRDA:74,7,1,4
BRDA:91,8,0,3
BRDA:91,8,1,4
BRDA:108,9,0,3
BRDA:108,9,1,4
BRDA:125,10,0,3
BRDA:125,10,1,4
BRDA:142,11,0,3
BRDA:142,11,1,4
BRF:24
BRH:23
end_of_record
TN:
SF:src\controllers\user\ingredient.ts
FN:12,(anonymous_7)
FN:22,(anonymous_9)
FN:33,(anonymous_11)
FN:63,(anonymous_13)
FN:94,(anonymous_15)
FNF:5
FNH:5
FNDA:3,(anonymous_7)
FNDA:3,(anonymous_9)
FNDA:4,(anonymous_11)
FNDA:4,(anonymous_13)
FNDA:4,(anonymous_15)
DA:2,1
DA:4,1
DA:5,1
DA:8,1
DA:9,1
DA:11,1
DA:13,3
DA:14,3
DA:16,3
DA:18,3
DA:20,3
DA:23,3
DA:24,3
DA:25,3
DA:27,3
DA:29,3
DA:31,3
DA:34,4
DA:35,4
DA:37,4
DA:39,4
DA:41,4
DA:42,4
DA:44,4
DA:55,4
DA:57,4
DA:59,4
DA:61,4
DA:64,4
DA:65,4
DA:66,4
DA:68,4
DA:70,4
DA:72,4
DA:73,4
DA:75,4
DA:86,4
DA:88,4
DA:90,4
DA:92,4
DA:95,4
DA:96,4
DA:98,4
DA:99,4
DA:101,4
DA:102,4
DA:104,4
LF:47
LH:47
BRDA:36,0,0,4
BRDA:36,0,1,0
BRDA:38,1,0,4
BRDA:38,1,1,0
BRDA:67,2,0,4
BRDA:67,2,1,0
BRDA:69,3,0,4
BRDA:69,3,1,0
BRF:8
BRH:4
end_of_record
TN:
SF:src\controllers\user\plan.ts
FN:9,(anonymous_7)
FN:18,(anonymous_9)
FN:28,(anonymous_11)
FN:44,(anonymous_13)
FN:60,(anonymous_15)
FNF:5
FNH:5
FNDA:3,(anonymous_7)
FNDA:3,(anonymous_9)
FNDA:4,(anonymous_11)
FNDA:4,(anonymous_13)
FNDA:3,(anonymous_15)
DA:2,1
DA:4,1
DA:5,1
DA:6,1
DA:8,1
DA:10,3
DA:12,3
DA:14,3
DA:16,3
DA:19,3
DA:20,3
DA:22,3
DA:24,3
DA:26,3
DA:29,4
DA:31,4
DA:32,4
DA:34,4
DA:36,4
DA:38,4
DA:40,4
DA:42,4
DA:45,4
DA:47,4
DA:48,4
DA:50,4
DA:52,4
DA:54,4
DA:56,4
DA:58,4
DA:61,3
DA:62,3
DA:64,3
DA:66,3
DA:68,3
LF:35
LH:35
BRF:0
BRH:0
end_of_record
TN:
SF:src\controllers\user\recipe.ts
FN:17,(anonymous_7)
FN:27,(anonymous_9)
FN:37,(anonymous_11)
FN:48,(anonymous_13)
FN:59,(anonymous_15)
FN:70,(anonymous_17)
FN:81,(anonymous_19)
FN:137,(anonymous_21)
FN:200,(anonymous_23)
FN:223,(anonymous_25)
FNF:10
FNH:10
FNDA:3,(anonymous_7)
FNDA:3,(anonymous_9)
FNDA:3,(anonymous_11)
FNDA:3,(anonymous_13)
FNDA:3,(anonymous_15)
FNDA:3,(anonymous_17)
FNDA:9,(anonymous_19)
FNDA:9,(anonymous_21)
FNDA:8,(anonymous_23)
FNDA:5,(anonymous_25)
DA:2,1
DA:4,1
DA:5,1
DA:6,1
DA:7,1
DA:8,1
DA:9,1
DA:10,1
DA:11,1
DA:12,1
DA:13,1
DA:14,1
DA:16,1
DA:18,3
DA:19,3
DA:21,3
DA:23,3
DA:25,3
DA:28,3
DA:29,3
DA:31,3
DA:33,3
DA:35,3
DA:38,3
DA:39,3
DA:40,3
DA:42,3
DA:44,3
DA:46,3
DA:49,3
DA:50,3
DA:51,3
DA:53,3
DA:55,3
DA:57,3
DA:60,3
DA:61,3
DA:62,3
DA:64,3
DA:66,3
DA:68,3
DA:71,3
DA:72,3
DA:73,3
DA:75,3
DA:77,3
DA:79,3
DA:82,9
DA:83,9
DA:99,9
DA:101,9
DA:102,9
DA:104,9
DA:121,9
DA:126,9
DA:135,9
DA:138,9
DA:139,9
DA:140,9
DA:156,9
DA:158,9
DA:159,9
DA:161,9
DA:162,0
DA:165,9
DA:182,9
DA:187,9
DA:198,9
DA:201,8
DA:202,8
DA:203,8
DA:205,8
DA:206,8
DA:207,8
DA:208,8
DA:209,8
DA:211,8
DA:219,8
DA:221,8
DA:224,5
DA:225,5
DA:227,5
DA:228,5
DA:230,5
DA:233,5
DA:235,5
DA:237,5
LF:87
LH:86
BRDA:102,0,0,0
BRDA:102,0,1,9
BRDA:159,1,0,0
BRDA:159,1,1,9
BRDA:161,2,0,0
BRDA:161,2,1,9
BRF:6
BRH:3
end_of_record
TN:
SF:src\controllers\user\savedRecipe.ts
FN:11,(anonymous_7)
FN:20,(anonymous_9)
FN:32,(anonymous_11)
FNF:3
FNH:3
FNDA:3,(anonymous_7)
FNDA:4,(anonymous_9)
FNDA:4,(anonymous_11)
DA:2,1
DA:4,1
DA:5,1
DA:8,1
DA:10,1
DA:12,3
DA:14,3
DA:16,3
DA:18,3
DA:21,4
DA:22,4
DA:24,4
DA:26,4
DA:28,4
DA:30,4
DA:33,4
DA:34,4
DA:36,4
DA:38,4
DA:40,4
DA:42,4
LF:21
LH:21
BRF:0
BRH:0
end_of_record
TN:
SF:src\elasticsearch-access\EquipmentSearch.ts
FN:6,(anonymous_7)
FN:15,(anonymous_8)
FN:21,(anonymous_10)
FN:49,(anonymous_12)
FN:60,(anonymous_14)
FNF:5
FNH:0
FNDA:0,(anonymous_7)
FNDA:0,(anonymous_8)
FNDA:0,(anonymous_10)
FNDA:0,(anonymous_12)
FNDA:0,(anonymous_14)
DA:3,1
DA:7,0
DA:8,0
DA:9,0
DA:10,0
DA:11,0
DA:16,0
DA:18,0
DA:22,0
DA:45,0
DA:50,0
DA:55,0
DA:56,0
DA:62,0
DA:63,0
DA:64,0
LF:16
LH:1
BRF:0
BRH:0
end_of_record
TN:
SF:src\elasticsearch-access\IngredientSearch.ts
FN:6,(anonymous_7)
FN:15,(anonymous_8)
FN:21,(anonymous_10)
FN:54,(anonymous_12)
FN:73,(anonymous_14)
FNF:5
FNH:0
FNDA:0,(anonymous_7)
FNDA:0,(anonymous_8)
FNDA:0,(anonymous_10)
FNDA:0,(anonymous_12)
FNDA:0,(anonymous_14)
DA:3,1
DA:7,0
DA:8,0
DA:9,0
DA:10,0
DA:11,0
DA:17,0
DA:18,0
DA:22,0
DA:50,0
DA:63,0
DA:68,0
DA:69,0
DA:75,0
DA:76,0
DA:77,0
LF:16
LH:1
BRF:0
BRH:0
end_of_record
TN:
SF:src\elasticsearch-access\RecipeSearch.ts
FN:6,(anonymous_7)
FN:15,(anonymous_8)
FN:21,(anonymous_10)
FN:51,(anonymous_12)
FN:86,(anonymous_14)
FNF:5
FNH:0
FNDA:0,(anonymous_7)
FNDA:0,(anonymous_8)
FNDA:0,(anonymous_10)
FNDA:0,(anonymous_12)
FNDA:0,(anonymous_14)
DA:3,2
DA:7,0
DA:8,0
DA:9,0
DA:10,0
DA:11,0
DA:17,0
DA:18,0
DA:22,0
DA:48,0
DA:65,0
DA:83,0
DA:87,0
DA:88,0
LF:14
LH:1
BRF:0
BRH:0
end_of_record
TN:
SF:src\lib\connections\elasticsearchClient.ts
FNF:0
FNH:0
DA:3,5
DA:5,5
LF:2
LH:2
BRDA:6,0,0,0
BRDA:6,0,1,5
BRF:2
BRH:1
end_of_record
TN:
SF:src\lib\connections\mysqlPoolConnection.ts
FNF:0
FNH:0
DA:3,33
DA:5,33
LF:2
LH:2
BRDA:6,0,0,0
BRDA:6,0,1,33
BRDA:16,1,0,33
BRDA:16,1,1,0
BRF:4
BRH:2
end_of_record
TN:
SF:src\lib\services\create-recipe.ts
FN:38,createRecipeService
FN:60,(anonymous_9)
FN:65,(anonymous_10)
FN:80,(anonymous_11)
FN:86,(anonymous_12)
FN:102,(anonymous_13)
FN:109,(anonymous_14)
FN:126,(anonymous_15)
FN:133,(anonymous_16)
FNF:9
FNH:9
FNDA:19,createRecipeService
FNDA:38,(anonymous_9)
FNDA:38,(anonymous_10)
FNDA:38,(anonymous_11)
FNDA:38,(anonymous_12)
FNDA:38,(anonymous_13)
FNDA:38,(anonymous_14)
FNDA:19,(anonymous_15)
FNDA:19,(anonymous_16)
DA:3,2
DA:5,2
DA:6,2
DA:7,2
DA:8,2
DA:9,2
DA:13,2
DA:17,2
DA:21,2
DA:25,2
DA:28,2
DA:31,2
DA:34,2
DA:38,2
DA:46,19
DA:47,19
DA:48,19
DA:49,19
DA:50,19
DA:51,19
DA:53,19
DA:55,19
DA:57,19
DA:58,19
DA:60,38
DA:65,19
DA:66,38
DA:70,19
DA:72,19
DA:77,19
DA:78,19
DA:80,38
DA:86,19
DA:87,38
DA:91,19
DA:93,19
DA:99,19
DA:100,19
DA:102,38
DA:109,19
DA:110,38
DA:115,19
DA:117,19
DA:123,19
DA:124,19
DA:126,19
DA:133,19
DA:134,19
DA:138,19
DA:140,19
DA:145,19
DA:147,19
DA:149,19
LF:53
LH:53
BRDA:57,0,0,19
BRDA:57,0,1,0
BRDA:77,1,0,19
BRDA:77,1,1,0
BRDA:99,2,0,19
BRDA:99,2,1,0
BRDA:123,3,0,19
BRDA:123,3,1,0
BRDA:145,4,0,19
BRDA:145,4,1,0
BRF:10
BRH:5
end_of_record
TN:
SF:src\lib\services\email-confirmation-code.ts
FN:3,emailConfirmationCode
FNF:1
FNH:0
FNDA:0,emailConfirmationCode
DA:1,1
DA:3,1
DA:7,0
DA:9,0
DA:11,0
DA:13,0
DA:18,0
DA:30,0
DA:32,0
LF:9
LH:2
BRF:0
BRH:0
end_of_record
TN:
SF:src\lib\services\simple-email-service.ts
FN:6,emailUser
FN:42,(anonymous_2)
FNF:2
FNH:0
FNDA:0,emailUser
FNDA:0,(anonymous_2)
DA:3,1
DA:4,1
DA:6,1
DA:14,0
DA:16,0
DA:42,0
DA:43,0
DA:44,0
LF:8
LH:3
BRDA:43,0,0,0
BRDA:43,0,1,0
BRF:2
BRH:0
end_of_record
TN:
SF:src\lib\services\update-recipe.ts
FN:38,updateRecipeService
FN:65,(anonymous_9)
FN:70,(anonymous_10)
FN:89,(anonymous_11)
FN:95,(anonymous_12)
FN:114,(anonymous_13)
FN:121,(anonymous_14)
FN:140,(anonymous_15)
FN:147,(anonymous_16)
FNF:9
FNH:9
FNDA:19,updateRecipeService
FNDA:38,(anonymous_9)
FNDA:38,(anonymous_10)
FNDA:38,(anonymous_11)
FNDA:38,(anonymous_12)
FNDA:38,(anonymous_13)
FNDA:38,(anonymous_14)
FNDA:19,(anonymous_15)
FNDA:19,(anonymous_16)
DA:3,2
DA:5,2
DA:6,2
DA:7,2
DA:8,2
DA:9,2
DA:13,2
DA:17,2
DA:21,2
DA:25,2
DA:28,2
DA:31,2
DA:34,2
DA:38,2
DA:48,19
DA:49,19
DA:50,19
DA:51,19
DA:52,19
DA:53,19
DA:55,19
DA:56,10
DA:58,9
DA:61,19
DA:62,19
DA:64,19
DA:65,38
DA:70,19
DA:71,38
DA:74,19
DA:78,19
DA:83,19
DA:84,19
DA:86,19
DA:87,19
DA:89,38
DA:95,19
DA:96,38
DA:99,19
DA:103,19
DA:108,19
DA:109,19
DA:111,19
DA:112,19
DA:114,38
DA:121,19
DA:122,38
DA:125,19
DA:129,19
DA:134,19
DA:135,19
DA:137,19
DA:138,19
DA:140,19
DA:147,19
DA:148,19
DA:151,19
DA:155,19
DA:159,19
DA:160,19
DA:162,19
LF:61
LH:61
BRDA:55,0,0,10
BRDA:55,0,1,9
BRDA:55,1,0,19
BRDA:55,1,1,10
BRDA:64,2,0,19
BRDA:64,2,1,0
BRDA:86,3,0,19
BRDA:86,3,1,0
BRDA:111,4,0,19
BRDA:111,4,1,0
BRDA:137,5,0,19
BRDA:137,5,1,0
BRDA:159,6,0,19
BRDA:159,6,1,0
BRF:14
BRH:9
end_of_record
TN:
SF:src\lib\validations\content\creatingContentEntity.ts
FNF:0
FNH:0
DA:1,1
DA:3,1
LF:2
LH:2
BRF:0
BRH:0
end_of_record
TN:
SF:src\lib\validations\content\editingContentEntity.ts
FNF:0
FNH:0
DA:1,1
DA:3,1
LF:2
LH:2
BRF:0
BRH:0
end_of_record
TN:
SF:src\lib\validations\equipment\equipmentEntity.ts
FNF:0
FNH:0
DA:1,2
DA:3,2
LF:2
LH:2
BRF:0
BRH:0
end_of_record
TN:
SF:src\lib\validations\favoriteRecipe\favoriteRecipeEntity.ts
FNF:0
FNH:0
DA:1,1
DA:3,1
LF:2
LH:2
BRF:0
BRH:0
end_of_record
TN:
SF:src\lib\validations\friendship\friendshipEntity.ts
FNF:0
FNH:0
DA:1,1
DA:3,1
LF:2
LH:2
BRF:0
BRH:0
end_of_record
TN:
SF:src\lib\validations\ingredient\ingredientEntity.ts
FNF:0
FNH:0
DA:1,2
DA:3,2
LF:2
LH:2
BRF:0
BRH:0
end_of_record
TN:
SF:src\lib\validations\plan\planEntity.ts
FNF:0
FNH:0
DA:1,1
DA:3,1
LF:2
LH:2
BRF:0
BRH:0
end_of_record
TN:
SF:src\lib\validations\profile\profileRequest.ts
FNF:0
FNH:0
DA:1,1
DA:3,1
LF:2
LH:2
BRF:0
BRH:0
end_of_record
TN:
SF:src\lib\validations\recipe\recipeEntity.ts
FNF:0
FNH:0
DA:1,2
DA:3,2
LF:2
LH:2
BRF:0
BRH:0
end_of_record
TN:
SF:src\lib\validations\recipeEquipment\recipeEquipmentEntity.ts
FNF:0
FNH:0
DA:1,2
DA:3,2
LF:2
LH:2
BRF:0
BRH:0
end_of_record
TN:
SF:src\lib\validations\recipeIngredient\recipeIngredientEntity.ts
FNF:0
FNH:0
DA:1,2
DA:3,2
LF:2
LH:2
BRF:0
BRH:0
end_of_record
TN:
SF:src\lib\validations\recipeMethod\recipeMethodEntity.ts
FNF:0
FNH:0
DA:1,2
DA:3,2
LF:2
LH:2
BRF:0
BRH:0
end_of_record
TN:
SF:src\lib\validations\recipeSubrecipe\recipeSubrecipeEntity.ts
FNF:0
FNH:0
DA:1,2
DA:3,2
LF:2
LH:2
BRF:0
BRH:0
end_of_record
TN:
SF:src\lib\validations\recipeType\recipeTypeRequest.ts
FNF:0
FNH:0
DA:1,1
DA:3,1
LF:2
LH:2
BRF:0
BRH:0
end_of_record
TN:
SF:src\lib\validations\savedRecipe\savedRecipeEntity.ts
FNF:0
FNH:0
DA:1,1
DA:3,1
LF:2
LH:2
BRF:0
BRH:0
end_of_record
TN:
SF:src\lib\validations\staff\loginRequest.ts
FNF:0
FNH:0
DA:1,1
DA:3,1
LF:2
LH:2
BRF:0
BRH:0
end_of_record
TN:
SF:src\lib\validations\staff\registerRequest.ts
FNF:0
FNH:0
DA:1,1
DA:3,1
LF:2
LH:2
BRF:0
BRH:0
end_of_record
TN:
SF:src\lib\validations\staff\staffEntity.ts
FNF:0
FNH:0
DA:1,1
DA:3,1
LF:2
LH:2
BRF:0
BRH:0
end_of_record
TN:
SF:src\lib\validations\user\index.ts
FN:1,(anonymous_0)
FN:2,(anonymous_1)
FN:3,(anonymous_2)
FN:4,(anonymous_3)
FN:5,(anonymous_4)
FN:6,(anonymous_5)
FN:7,(anonymous_6)
FN:8,(anonymous_7)
FN:9,(anonymous_8)
FNF:9
FNH:9
FNDA:33,(anonymous_0)
FNDA:26,(anonymous_1)
FNDA:9,(anonymous_2)
FNDA:5,(anonymous_3)
FNDA:25,(anonymous_4)
FNDA:19,(anonymous_5)
FNDA:19,(anonymous_6)
FNDA:50,(anonymous_7)
FNDA:19,(anonymous_8)
DA:1,34
DA:2,27
DA:3,10
DA:4,6
DA:5,26
DA:6,20
DA:7,20
DA:8,51
DA:9,20
LF:9
LH:9
BRF:0
BRH:0
end_of_record
TN:
SF:src\lib\validations\user\login.ts
FN:5,validLogin
FNF:1
FNH:1
FNDA:19,validLogin
DA:1,1
DA:5,1
DA:16,19
DA:17,0
DA:20,19
DA:22,16
DA:24,13
DA:26,13
DA:27,4
DA:30,9
DA:31,9
DA:32,3
DA:35,6
DA:36,6
DA:37,3
DA:43,3
LF:16
LH:15
BRDA:16,0,0,0
BRDA:16,0,1,19
BRDA:20,1,0,3
BRDA:20,1,1,16
BRDA:22,2,0,3
BRDA:22,2,1,13
BRDA:26,3,0,4
BRDA:26,3,1,9
BRDA:31,4,0,3
BRDA:31,4,1,6
BRDA:36,5,0,3
BRDA:36,5,1,3
BRF:12
BRH:11
end_of_record
TN:
SF:src\lib\validations\user\loginRequest.ts
FNF:0
FNH:0
DA:1,1
DA:3,1
LF:2
LH:2
BRF:0
BRH:0
end_of_record
TN:
SF:src\lib\validations\user\register.ts
FN:3,validRegister
FNF:1
FNH:1
FNDA:26,validRegister
DA:3,1
DA:15,26
DA:16,3
DA:19,23
DA:20,3
DA:27,20
DA:28,0
DA:31,20
DA:32,3
DA:35,17
DA:36,3
DA:42,14
DA:43,14
DA:44,3
DA:47,11
DA:48,11
DA:49,3
DA:52,8
LF:18
LH:17
BRDA:15,0,0,3
BRDA:15,0,1,23
BRDA:19,1,0,3
BRDA:19,1,1,20
BRDA:27,2,0,0
BRDA:27,2,1,20
BRDA:31,3,0,3
BRDA:31,3,1,17
BRDA:35,4,0,3
BRDA:35,4,1,14
BRDA:43,5,0,3
BRDA:43,5,1,11
BRDA:48,6,0,3
BRDA:48,6,1,8
BRF:14
BRH:13
end_of_record
TN:
SF:src\lib\validations\user\registerRequest.ts
FNF:0
FNH:0
DA:1,1
DA:3,1
LF:2
LH:2
BRF:0
BRH:0
end_of_record
TN:
SF:src\lib\validations\user\resend.ts
FN:5,validResend
FNF:1
FNH:1
FNDA:19,validResend
DA:1,1
DA:5,1
DA:16,19
DA:17,0
DA:20,19
DA:22,16
DA:24,13
DA:26,13
DA:27,3
DA:30,10
DA:31,10
DA:32,3
DA:35,7
DA:36,7
DA:38,4
LF:15
LH:14
BRDA:16,0,0,0
BRDA:16,0,1,19
BRDA:20,1,0,3
BRDA:20,1,1,16
BRDA:22,2,0,3
BRDA:22,2,1,13
BRDA:26,3,0,3
BRDA:26,3,1,10
BRDA:31,4,0,3
BRDA:31,4,1,7
BRDA:36,5,0,3
BRDA:36,5,1,4
BRF:12
BRH:11
end_of_record
TN:
SF:src\lib\validations\user\updatingUser.ts
FNF:0
FNH:0
DA:1,1
DA:3,1
LF:2
LH:2
BRF:0
BRH:0
end_of_record
TN:
SF:src\lib\validations\user\userEntity.ts
FNF:0
FNH:0
DA:1,1
DA:3,1
LF:2
LH:2
BRF:0
BRH:0
end_of_record
TN:
SF:src\lib\validations\user\verify.ts
FN:5,validVerify
FNF:1
FNH:1
FNDA:19,validVerify
DA:1,1
DA:5,1
DA:18,19
DA:19,0
DA:22,19
DA:24,16
DA:26,13
DA:27,13
DA:28,3
DA:34,10
DA:35,10
DA:36,3
DA:39,7
DA:40,3
DA:46,4
LF:15
LH:14
BRDA:18,0,0,0
BRDA:18,0,1,19
BRDA:22,1,0,3
BRDA:22,1,1,16
BRDA:24,2,0,3
BRDA:24,2,1,13
BRDA:27,3,0,3
BRDA:27,3,1,10
BRDA:35,4,0,3
BRDA:35,4,1,7
BRDA:39,5,0,3
BRDA:39,5,1,4
BRF:12
BRH:11
end_of_record
TN:
SF:src\lib\validations\user\verifyRequest.ts
FNF:0
FNH:0
DA:1,1
DA:3,1
LF:2
LH:2
BRF:0
BRH:0
end_of_record
TN:
SF:src\mysql-access\Content.ts
FN:6,(anonymous_7)
FN:17,(anonymous_8)
FN:39,(anonymous_10)
FN:57,(anonymous_12)
FN:68,(anonymous_14)
FN:100,(anonymous_16)
FN:125,(anonymous_18)
FN:137,(anonymous_20)
FNF:8
FNH:0
FNDA:0,(anonymous_7)
FNDA:0,(anonymous_8)
FNDA:0,(anonymous_10)
FNDA:0,(anonymous_12)
FNDA:0,(anonymous_14)
FNDA:0,(anonymous_16)
FNDA:0,(anonymous_18)
FNDA:0,(anonymous_20)
DA:3,2
DA:7,0
DA:8,0
DA:9,0
DA:10,0
DA:11,0
DA:12,0
DA:13,0
DA:14,0
DA:18,0
DA:19,0
DA:33,0
DA:35,0
DA:40,0
DA:52,0
DA:53,0
DA:58,0
DA:64,0
DA:65,0
DA:77,0
DA:88,0
DA:97,0
DA:108,0
DA:114,0
DA:122,0
DA:126,0
DA:132,0
DA:134,0
DA:138,0
DA:139,0
LF:30
LH:1
BRF:0
BRH:0
end_of_record
TN:
SF:src\mysql-access\CuisineEquipment.ts
FN:6,(anonymous_7)
FN:13,(anonymous_8)
FN:26,(anonymous_10)
FN:35,(anonymous_12)
FNF:4
FNH:0
FNDA:0,(anonymous_7)
FNDA:0,(anonymous_8)
FNDA:0,(anonymous_10)
FNDA:0,(anonymous_12)
DA:3,1
DA:7,0
DA:8,0
DA:9,0
DA:10,0
DA:14,0
DA:22,0
DA:23,0
DA:27,0
DA:30,0
DA:32,0
DA:36,0
DA:39,0
DA:41,0
LF:14
LH:1
BRF:0
BRH:0
end_of_record
TN:
SF:src\mysql-access\CuisineIngredient.ts
FN:6,(anonymous_7)
FN:13,(anonymous_8)
FN:26,(anonymous_10)
FN:35,(anonymous_12)
FNF:4
FNH:0
FNDA:0,(anonymous_7)
FNDA:0,(anonymous_8)
FNDA:0,(anonymous_10)
FNDA:0,(anonymous_12)
DA:3,1
DA:7,0
DA:8,0
DA:9,0
DA:10,0
DA:14,0
DA:22,0
DA:23,0
DA:27,0
DA:30,0
DA:32,0
DA:36,0
DA:39,0
DA:41,0
LF:14
LH:1
BRF:0
BRH:0
end_of_record
TN:
SF:src\mysql-access\CuisineSupplier.ts
FN:6,(anonymous_7)
FN:14,(anonymous_8)
FN:26,(anonymous_10)
FN:38,(anonymous_12)
FN:48,(anonymous_14)
FNF:5
FNH:0
FNDA:0,(anonymous_7)
FNDA:0,(anonymous_8)
FNDA:0,(anonymous_10)
FNDA:0,(anonymous_12)
FNDA:0,(anonymous_14)
DA:3,1
DA:7,0
DA:8,0
DA:9,0
DA:10,0
DA:11,0
DA:15,0
DA:22,0
DA:23,0
DA:28,0
DA:29,0
DA:32,0
DA:34,0
DA:39,0
DA:42,0
DA:44,0
DA:49,0
DA:50,0
DA:52,0
LF:19
LH:1
BRF:0
BRH:0
end_of_record
TN:
SF:src\mysql-access\Equipment.ts
FN:7,(anonymous_7)
FN:22,(anonymous_8)
FN:50,(anonymous_10)
FN:70,(anonymous_12)
FN:90,(anonymous_14)
FN:109,(anonymous_16)
FN:139,(anonymous_18)
FN:164,(anonymous_20)
FN:170,(anonymous_22)
FN:199,(anonymous_24)
FN:233,(anonymous_26)
FN:240,(anonymous_28)
FNF:12
FNH:0
FNDA:0,(anonymous_7)
FNDA:0,(anonymous_8)
FNDA:0,(anonymous_10)
FNDA:0,(anonymous_12)
FNDA:0,(anonymous_14)
FNDA:0,(anonymous_16)
FNDA:0,(anonymous_18)
FNDA:0,(anonymous_20)
FNDA:0,(anonymous_22)
FNDA:0,(anonymous_24)
FNDA:0,(anonymous_26)
FNDA:0,(anonymous_28)
DA:3,3
DA:8,0
DA:9,0
DA:10,0
DA:11,0
DA:12,0
DA:13,0
DA:14,0
DA:15,0
DA:16,0
DA:17,0
DA:18,0
DA:19,0
DA:23,0
DA:24,0
DA:38,0
DA:40,0
DA:43,0
DA:44,0
DA:47,0
DA:51,0
DA:52,0
DA:65,0
DA:67,0
DA:71,0
DA:85,0
DA:87,0
DA:91,0
DA:104,0
DA:106,0
DA:117,0
DA:127,0
DA:136,0
DA:148,0
DA:154,0
DA:161,0
DA:165,0
DA:166,0
DA:167,0
DA:178,0
DA:188,0
DA:196,0
DA:208,0
DA:220,0
DA:230,0
DA:234,0
DA:235,0
DA:237,0
DA:241,0
DA:242,0
LF:50
LH:1
BRF:0
BRH:0
end_of_record
TN:
SF:src\mysql-access\FavoriteRecipe.ts
FN:6,(anonymous_7)
FN:16,(anonymous_8)
FN:52,(anonymous_10)
FN:63,(anonymous_12)
FN:72,(anonymous_14)
FN:78,(anonymous_16)
FNF:6
FNH:0
FNDA:0,(anonymous_7)
FNDA:0,(anonymous_8)
FNDA:0,(anonymous_10)
FNDA:0,(anonymous_12)
FNDA:0,(anonymous_14)
FNDA:0,(anonymous_16)
DA:3,3
DA:7,0
DA:8,0
DA:10,0
DA:11,0
DA:12,0
DA:13,0
DA:17,0
DA:30,0
DA:31,0
DA:53,0
DA:55,0
DA:58,0
DA:60,0
DA:64,0
DA:67,0
DA:69,0
DA:73,0
DA:74,0
DA:75,0
DA:79,0
DA:80,0
LF:22
LH:1
BRF:0
BRH:0
end_of_record
TN:
SF:src\mysql-access\Friendship.ts
FN:6,(anonymous_7)
FN:38,(anonymous_8)
FN:49,(anonymous_10)
FN:60,(anonymous_12)
FN:73,(anonymous_14)
FN:84,(anonymous_16)
FN:95,(anonymous_18)
FN:106,(anonymous_20)
FN:119,(anonymous_22)
FN:141,(anonymous_24)
FN:157,(anonymous_26)
FN:173,(anonymous_28)
FN:191,(anonymous_30)
FN:200,(anonymous_32)
FNF:14
FNH:0
FNDA:0,(anonymous_7)
FNDA:0,(anonymous_8)
FNDA:0,(anonymous_10)
FNDA:0,(anonymous_12)
FNDA:0,(anonymous_14)
FNDA:0,(anonymous_16)
FNDA:0,(anonymous_18)
FNDA:0,(anonymous_20)
FNDA:0,(anonymous_22)
FNDA:0,(anonymous_24)
FNDA:0,(anonymous_26)
FNDA:0,(anonymous_28)
FNDA:0,(anonymous_30)
FNDA:0,(anonymous_32)
DA:3,2
DA:7,0
DA:8,0
DA:9,0
DA:10,0
DA:11,0
DA:12,0
DA:13,0
DA:14,0
DA:15,0
DA:16,0
DA:17,0
DA:18,0
DA:19,0
DA:20,0
DA:39,0
DA:44,0
DA:46,0
DA:50,0
DA:55,0
DA:57,0
DA:61,0
DA:69,0
DA:70,0
DA:74,0
DA:80,0
DA:81,0
DA:85,0
DA:91,0
DA:92,0
DA:96,0
DA:102,0
DA:103,0
DA:107,0
DA:111,0
DA:114,0
DA:116,0
DA:120,0
DA:126,0
DA:133,0
DA:136,0
DA:138,0
DA:142,0
DA:149,0
DA:152,0
DA:154,0
DA:158,0
DA:165,0
DA:168,0
DA:170,0
DA:174,0
DA:177,0
DA:182,0
DA:183,0
DA:185,0
DA:188,0
DA:192,0
DA:195,0
DA:197,0
DA:201,0
DA:202,0
DA:204,0
DA:205,0
LF:63
LH:1
BRF:0
BRH:0
end_of_record
TN:
SF:src\mysql-access\Ingredient.ts
FN:6,(anonymous_7)
FN:21,(anonymous_8)
FN:59,(anonymous_10)
FN:102,(anonymous_12)
FN:124,(anonymous_14)
FN:143,(anonymous_16)
FN:179,(anonymous_18)
FN:214,(anonymous_20)
FN:220,(anonymous_22)
FN:255,(anonymous_24)
FN:295,(anonymous_26)
FN:302,(anonymous_28)
FNF:12
FNH:0
FNDA:0,(anonymous_7)
FNDA:0,(anonymous_8)
FNDA:0,(anonymous_10)
FNDA:0,(anonymous_12)
FNDA:0,(anonymous_14)
FNDA:0,(anonymous_16)
FNDA:0,(anonymous_18)
FNDA:0,(anonymous_20)
FNDA:0,(anonymous_22)
FNDA:0,(anonymous_24)
FNDA:0,(anonymous_26)
FNDA:0,(anonymous_28)
DA:3,3
DA:7,0
DA:8,0
DA:9,0
DA:10,0
DA:11,0
DA:12,0
DA:13,0
DA:14,0
DA:15,0
DA:16,0
DA:17,0
DA:18,0
DA:22,0
DA:23,0
DA:39,0
DA:41,0
DA:43,0
DA:44,0
DA:46,0
DA:47,0
DA:48,0
DA:50,0
DA:56,0
DA:60,0
DA:61,0
DA:76,0
DA:85,0
DA:87,0
DA:88,0
DA:89,0
DA:91,0
DA:103,0
DA:119,0
DA:121,0
DA:125,0
DA:138,0
DA:140,0
DA:153,0
DA:165,0
DA:176,0
DA:190,0
DA:202,0
DA:211,0
DA:215,0
DA:216,0
DA:217,0
DA:230,0
DA:242,0
DA:252,0
DA:266,0
DA:280,0
DA:292,0
DA:296,0
DA:297,0
DA:299,0
DA:303,0
DA:304,0
LF:58
LH:1
BRDA:46,0,0,0
BRDA:46,0,1,0
BRDA:47,1,0,0
BRDA:47,1,1,0
BRDA:87,2,0,0
BRDA:87,2,1,0
BRDA:88,3,0,0
BRDA:88,3,1,0
BRF:8
BRH:0
end_of_record
TN:
SF:src\mysql-access\Plan.ts
FN:6,(anonymous_7)
FN:16,(anonymous_8)
FN:22,(anonymous_10)
FN:31,(anonymous_12)
FN:40,(anonymous_14)
FN:49,(anonymous_16)
FN:56,(anonymous_18)
FNF:7
FNH:0
FNDA:0,(anonymous_7)
FNDA:0,(anonymous_8)
FNDA:0,(anonymous_10)
FNDA:0,(anonymous_12)
FNDA:0,(anonymous_14)
FNDA:0,(anonymous_16)
FNDA:0,(anonymous_18)
DA:3,2
DA:7,0
DA:8,0
DA:9,0
DA:10,0
DA:11,0
DA:12,0
DA:13,0
DA:17,0
DA:18,0
DA:19,0
DA:23,0
DA:26,0
DA:28,0
DA:32,0
DA:35,0
DA:37,0
DA:41,0
DA:44,0
DA:46,0
DA:50,0
DA:51,0
DA:53,0
DA:57,0
DA:58,0
LF:25
LH:1
BRF:0
BRH:0
end_of_record
TN:
SF:src\mysql-access\Recipe.ts
FN:6,(anonymous_7)
FN:24,(anonymous_8)
FN:78,(anonymous_10)
FN:125,(anonymous_12)
FN:137,(anonymous_14)
FN:203,(anonymous_16)
FN:256,(anonymous_18)
FN:310,(anonymous_20)
FN:316,(anonymous_22)
FN:381,(anonymous_24)
FN:433,(anonymous_26)
FN:438,(anonymous_28)
FN:450,(anonymous_30)
FN:458,(anonymous_32)
FN:471,(anonymous_34)
FN:475,(anonymous_36)
FNF:16
FNH:0
FNDA:0,(anonymous_7)
FNDA:0,(anonymous_8)
FNDA:0,(anonymous_10)
FNDA:0,(anonymous_12)
FNDA:0,(anonymous_14)
FNDA:0,(anonymous_16)
FNDA:0,(anonymous_18)
FNDA:0,(anonymous_20)
FNDA:0,(anonymous_22)
FNDA:0,(anonymous_24)
FNDA:0,(anonymous_26)
FNDA:0,(anonymous_28)
FNDA:0,(anonymous_30)
FNDA:0,(anonymous_32)
FNDA:0,(anonymous_34)
FNDA:0,(anonymous_36)
DA:3,3
DA:7,0
DA:8,0
DA:9,0
DA:10,0
DA:11,0
DA:12,0
DA:13,0
DA:14,0
DA:15,0
DA:16,0
DA:17,0
DA:18,0
DA:19,0
DA:20,0
DA:21,0
DA:25,0
DA:26,0
DA:67,0
DA:69,0
DA:71,0
DA:72,0
DA:75,0
DA:79,0
DA:80,0
DA:120,0
DA:122,0
DA:126,0
DA:132,0
DA:134,0
DA:138,0
DA:198,0
DA:200,0
DA:218,0
DA:237,0
DA:253,0
DA:272,0
DA:291,0
DA:307,0
DA:311,0
DA:312,0
DA:313,0
DA:317,0
DA:376,0
DA:378,0
DA:397,0
DA:414,0
DA:430,0
DA:434,0
DA:435,0
DA:439,0
DA:445,0
DA:447,0
DA:451,0
DA:452,0
DA:455,0
DA:459,0
DA:460,0
DA:466,0
DA:468,0
DA:472,0
DA:473,0
DA:475,0
LF:63
LH:1
BRF:0
BRH:0
end_of_record
TN:
SF:src\mysql-access\RecipeEquipment.ts
FN:6,(anonymous_7)
FN:16,(anonymous_8)
FN:28,(anonymous_10)
FN:39,(anonymous_12)
FN:73,(anonymous_14)
FN:80,(anonymous_16)
FN:86,(anonymous_18)
FNF:7
FNH:0
FNDA:0,(anonymous_7)
FNDA:0,(anonymous_8)
FNDA:0,(anonymous_10)
FNDA:0,(anonymous_12)
FNDA:0,(anonymous_14)
FNDA:0,(anonymous_16)
FNDA:0,(anonymous_18)
DA:3,4
DA:7,0
DA:8,0
DA:9,0
DA:10,0
DA:11,0
DA:12,0
DA:13,0
DA:17,0
DA:24,0
DA:25,0
DA:29,0
DA:33,0
DA:35,0
DA:44,0
DA:45,0
DA:51,0
DA:53,0
DA:55,0
DA:56,0
DA:58,0
DA:59,0
DA:60,0
DA:61,0
DA:63,0
DA:66,0
DA:67,0
DA:69,0
DA:74,0
DA:75,0
DA:77,0
DA:81,0
DA:82,0
DA:83,0
DA:87,0
DA:88,0
DA:89,0
LF:37
LH:1
BRDA:46,0,0,0
BRDA:46,0,1,0
BRDA:58,1,0,0
BRDA:58,1,1,0
BRF:4
BRH:0
end_of_record
TN:
SF:src\mysql-access\RecipeIngredient.ts
FN:6,(anonymous_7)
FN:16,(anonymous_8)
FN:29,(anonymous_10)
FN:41,(anonymous_12)
FN:77,(anonymous_14)
FN:84,(anonymous_16)
FN:90,(anonymous_18)
FNF:7
FNH:0
FNDA:0,(anonymous_7)
FNDA:0,(anonymous_8)
FNDA:0,(anonymous_10)
FNDA:0,(anonymous_12)
FNDA:0,(anonymous_14)
FNDA:0,(anonymous_16)
FNDA:0,(anonymous_18)
DA:3,4
DA:7,0
DA:8,0
DA:9,0
DA:10,0
DA:11,0
DA:12,0
DA:13,0
DA:17,0
DA:25,0
DA:26,0
DA:30,0
DA:35,0
DA:37,0
DA:46,0
DA:47,0
DA:55,0
DA:57,0
DA:59,0
DA:60,0
DA:62,0
DA:63,0
DA:64,0
DA:65,0
DA:67,0
DA:70,0
DA:71,0
DA:73,0
DA:78,0
DA:79,0
DA:81,0
DA:85,0
DA:86,0
DA:87,0
DA:91,0
DA:92,0
DA:93,0
LF:37
LH:1
BRDA:48,0,0,0
BRDA:48,0,1,0
BRDA:62,1,0,0
BRDA:62,1,1,0
BRF:4
BRH:0
end_of_record
TN:
SF:src\mysql-access\RecipeMethod.ts
FN:6,(anonymous_7)
FN:15,(anonymous_8)
FN:27,(anonymous_10)
FN:37,(anonymous_12)
FN:71,(anonymous_14)
FN:77,(anonymous_16)
FNF:6
FNH:0
FNDA:0,(anonymous_7)
FNDA:0,(anonymous_8)
FNDA:0,(anonymous_10)
FNDA:0,(anonymous_12)
FNDA:0,(anonymous_14)
FNDA:0,(anonymous_16)
DA:3,3
DA:7,0
DA:8,0
DA:9,0
DA:10,0
DA:11,0
DA:12,0
DA:16,0
DA:23,0
DA:24,0
DA:28,0
DA:31,0
DA:33,0
DA:42,0
DA:43,0
DA:49,0
DA:51,0
DA:53,0
DA:54,0
DA:56,0
DA:57,0
DA:58,0
DA:59,0
DA:61,0
DA:64,0
DA:65,0
DA:67,0
DA:72,0
DA:73,0
DA:74,0
DA:78,0
DA:79,0
DA:80,0
LF:33
LH:1
BRDA:44,0,0,0
BRDA:44,0,1,0
BRDA:56,1,0,0
BRDA:56,1,1,0
BRF:4
BRH:0
end_of_record
TN:
SF:src\mysql-access\RecipeSubrecipe.ts
FN:6,(anonymous_7)
FN:17,(anonymous_8)
FN:30,(anonymous_10)
FN:42,(anonymous_12)
FN:78,(anonymous_14)
FN:84,(anonymous_16)
FN:90,(anonymous_18)
FN:97,(anonymous_20)
FNF:8
FNH:0
FNDA:0,(anonymous_7)
FNDA:0,(anonymous_8)
FNDA:0,(anonymous_10)
FNDA:0,(anonymous_12)
FNDA:0,(anonymous_14)
FNDA:0,(anonymous_16)
FNDA:0,(anonymous_18)
FNDA:0,(anonymous_20)
DA:3,3
DA:7,0
DA:8,0
DA:9,0
DA:10,0
DA:11,0
DA:12,0
DA:13,0
DA:14,0
DA:18,0
DA:26,0
DA:27,0
DA:31,0
DA:36,0
DA:38,0
DA:47,0
DA:48,0
DA:55,0
DA:57,0
DA:59,0
DA:60,0
DA:62,0
DA:63,0
DA:65,0
DA:66,0
DA:68,0
DA:71,0
DA:72,0
DA:74,0
DA:79,0
DA:80,0
DA:81,0
DA:85,0
DA:86,0
DA:87,0
DA:91,0
DA:92,0
DA:94,0
DA:98,0
DA:99,0
DA:101,0
LF:41
LH:1
BRDA:49,0,0,0
BRDA:49,0,1,0
BRDA:62,1,0,0
BRDA:62,1,1,0
BRF:4
BRH:0
end_of_record
TN:
SF:src\mysql-access\RecipeType.ts
FN:6,(anonymous_7)
FN:12,(anonymous_8)
FN:18,(anonymous_10)
FNF:3
FNH:3
FNDA:1,(anonymous_7)
FNDA:1,(anonymous_8)
FNDA:1,(anonymous_10)
DA:3,1
DA:7,1
DA:8,1
DA:9,1
DA:13,1
DA:14,1
DA:15,1
DA:19,1
DA:20,1
DA:21,1
LF:10
LH:10
BRF:0
BRH:0
end_of_record
TN:
SF:src\mysql-access\SavedRecipe.ts
FN:6,(anonymous_7)
FN:15,(anonymous_8)
FN:33,(anonymous_10)
FN:42,(anonymous_12)
FN:51,(anonymous_14)
FN:57,(anonymous_16)
FNF:6
FNH:0
FNDA:0,(anonymous_7)
FNDA:0,(anonymous_8)
FNDA:0,(anonymous_10)
FNDA:0,(anonymous_12)
FNDA:0,(anonymous_14)
FNDA:0,(anonymous_16)
DA:3,3
DA:7,0
DA:8,0
DA:9,0
DA:10,0
DA:11,0
DA:12,0
DA:16,0
DA:29,0
DA:30,0
DA:34,0
DA:36,0
DA:37,0
DA:39,0
DA:43,0
DA:46,0
DA:48,0
DA:52,0
DA:53,0
DA:54,0
DA:58,0
DA:59,0
LF:22
LH:1
BRF:0
BRH:0
end_of_record
TN:
SF:src\mysql-access\Staff.ts
FN:6,(anonymous_7)
FN:17,(anonymous_8)
FN:27,(anonymous_10)
FN:37,(anonymous_12)
FN:46,(anonymous_14)
FN:52,(anonymous_16)
FN:61,(anonymous_18)
FN:73,(anonymous_20)
FNF:8
FNH:0
FNDA:0,(anonymous_7)
FNDA:0,(anonymous_8)
FNDA:0,(anonymous_10)
FNDA:0,(anonymous_12)
FNDA:0,(anonymous_14)
FNDA:0,(anonymous_16)
FNDA:0,(anonymous_18)
FNDA:0,(anonymous_20)
DA:3,1
DA:7,0
DA:8,0
DA:9,0
DA:10,0
DA:11,0
DA:12,0
DA:13,0
DA:14,0
DA:18,0
DA:23,0
DA:24,0
DA:28,0
DA:33,0
DA:34,0
DA:38,0
DA:41,0
DA:43,0
DA:47,0
DA:48,0
DA:49,0
DA:53,0
DA:56,0
DA:58,0
DA:62,0
DA:68,0
DA:70,0
DA:74,0
DA:75,0
DA:76,0
LF:30
LH:1
BRF:0
BRH:0
end_of_record
TN:
SF:src\mysql-access\User.ts
FN:6,(anonymous_7)
FN:19,(anonymous_8)
FN:31,(anonymous_10)
FN:40,(anonymous_12)
FN:46,(anonymous_14)
FN:52,(anonymous_16)
FN:62,(anonymous_18)
FN:70,(anonymous_20)
FN:88,(anonymous_22)
FNF:9
FNH:0
FNDA:0,(anonymous_7)
FNDA:0,(anonymous_8)
FNDA:0,(anonymous_10)
FNDA:0,(anonymous_12)
FNDA:0,(anonymous_14)
FNDA:0,(anonymous_16)
FNDA:0,(anonymous_18)
FNDA:0,(anonymous_20)
FNDA:0,(anonymous_22)
DA:3,2
DA:7,0
DA:8,0
DA:9,0
DA:10,0
DA:11,0
DA:12,0
DA:13,0
DA:14,0
DA:15,0
DA:20,0
DA:25,0
DA:27,0
DA:32,0
DA:35,0
DA:37,0
DA:41,0
DA:42,0
DA:43,0
DA:47,0
DA:48,0
DA:49,0
DA:53,0
DA:57,0
DA:59,0
DA:63,0
DA:66,0
DA:67,0
DA:77,0
DA:83,0
DA:85,0
DA:89,0
DA:90,0
DA:91,0
LF:34
LH:1
BRF:0
BRH:0
end_of_record
