{"C:\\Users\\Timothy\\Desktop\\workbench\\nobsc\\api\\src\\chat\\socketAuth.ts": {"path":"C:\\Users\\Timothy\\Desktop\\workbench\\nobsc\\api\\src\\chat\\socketAuth.ts","statementMap":{"0":{"start":{"line":3,"column":0},"end":{"line":3,"column":null}},"1":{"start":{"line":4,"column":0},"end":{"line":4,"column":null}},"2":{"start":{"line":9,"column":0},"end":{"line":9,"column":null}},"3":{"start":{"line":10,"column":0},"end":{"line":10,"column":null}},"4":{"start":{"line":17,"column":35},"end":{"line":17,"column":null}},"5":{"start":{"line":19,"column":2},"end":{"line":19,"column":8}},"6":{"start":{"line":20,"column":2},"end":{"line":20,"column":8}},"7":{"start":{"line":22,"column":24},"end":{"line":22,"column":28}},"8":{"start":{"line":24,"column":2},"end":{"line":24,"column":8}},"9":{"start":{"line":12,"column":0},"end":{"line":12,"column":22}},"10":{"start":{"line":28,"column":23},"end":{"line":28,"column":30}},"11":{"start":{"line":29,"column":14},"end":{"line":29,"column":27}},"12":{"start":{"line":34,"column":2},"end":{"line":34,"column":9}},"13":{"start":{"line":27,"column":0},"end":{"line":27,"column":16}},"14":{"start":{"line":39,"column":16},"end":{"line":39,"column":35}},"15":{"start":{"line":41,"column":4},"end":{"line":41,"column":30}},"16":{"start":{"line":41,"column":23},"end":{"line":41,"column":30}},"17":{"start":{"line":43,"column":4},"end":{"line":43,"column":16}},"18":{"start":{"line":44,"column":6},"end":{"line":46,"column":null}},"19":{"start":{"line":45,"column":8},"end":{"line":45,"column":15}},"20":{"start":{"line":48,"column":6},"end":{"line":48,"column":12}},"21":{"start":{"line":50,"column":6},"end":{"line":50,"column":13}},"22":{"start":{"line":54,"column":2},"end":{"line":54,"column":4}},"23":{"start":{"line":37,"column":0},"end":{"line":37,"column":16}}},"fnMap":{"0":{"name":"addMessengerUser","decl":{"start":{"line":12,"column":22},"end":{"line":12,"column":null}},"loc":{"start":{"line":15,"column":30},"end":{"line":25,"column":null}}},"1":{"name":"sessionIdsAreEqual","decl":{"start":{"line":27,"column":16},"end":{"line":27,"column":35}},"loc":{"start":{"line":27,"column":49},"end":{"line":35,"column":null}}},"2":{"name":"useSocketAuth","decl":{"start":{"line":37,"column":16},"end":{"line":37,"column":30}},"loc":{"start":{"line":37,"column":66},"end":{"line":55,"column":null}}},"3":{"name":"socketAuth","decl":{"start":{"line":38,"column":11},"end":{"line":38,"column":22}},"loc":{"start":{"line":38,"column":56},"end":{"line":52,"column":null}}},"4":{"name":"(anonymous_13)","decl":{"start":{"line":43,"column":26},"end":{"line":43,"column":41}},"loc":{"start":{"line":43,"column":53},"end":{"line":51,"column":null}}}},"branchMap":{"0":{"loc":{"start":{"line":34,"column":47},"end":{"line":34,"column":55}},"type":"cond-expr","locations":[{"start":{"line":34,"column":47},"end":{"line":34,"column":55}},{"start":{"line":34,"column":55},"end":{"line":34,"column":null}}]},"1":{"loc":{"start":{"line":41,"column":4},"end":{"line":41,"column":30}},"type":"if","locations":[{"start":{"line":41,"column":4},"end":{"line":41,"column":30}},{"start":{"line":41,"column":4},"end":{"line":41,"column":30}}]},"2":{"loc":{"start":{"line":44,"column":6},"end":{"line":46,"column":null}},"type":"if","locations":[{"start":{"line":44,"column":6},"end":{"line":46,"column":null}},{"start":{"line":44,"column":6},"end":{"line":46,"column":null}}]},"3":{"loc":{"start":{"line":44,"column":10},"end":{"line":44,"column":22}},"type":"binary-expr","locations":[{"start":{"line":44,"column":10},"end":{"line":44,"column":22}},{"start":{"line":44,"column":22},"end":{"line":44,"column":44}}]}},"s":{"0":1,"1":1,"2":1,"3":1,"4":3,"5":3,"6":3,"7":3,"8":3,"9":1,"10":0,"11":0,"12":0,"13":1,"14":0,"15":0,"16":0,"17":0,"18":0,"19":0,"20":0,"21":0,"22":0,"23":1},"f":{"0":3,"1":0,"2":0,"3":0,"4":0},"b":{"0":[0,0],"1":[0,0],"2":[0,0],"3":[0,0]}}
,"C:\\Users\\Timothy\\Desktop\\workbench\\nobsc\\api\\src\\chat\\entities\\ChatMessage.ts": {"path":"C:\\Users\\Timothy\\Desktop\\workbench\\nobsc\\api\\src\\chat\\entities\\ChatMessage.ts","statementMap":{"0":{"start":{"line":1,"column":0},"end":{"line":1,"column":null}},"1":{"start":{"line":8,"column":2},"end":{"line":8,"column":9}},"2":{"start":{"line":3,"column":0},"end":{"line":3,"column":16}}},"fnMap":{"0":{"name":"ChatMessage","decl":{"start":{"line":3,"column":16},"end":{"line":3,"column":null}},"loc":{"start":{"line":6,"column":17},"end":{"line":15,"column":null}}}},"branchMap":{},"s":{"0":2,"1":1,"2":2},"f":{"0":1},"b":{}}
,"C:\\Users\\Timothy\\Desktop\\workbench\\nobsc\\api\\src\\chat\\entities\\ChatUser.ts": {"path":"C:\\Users\\Timothy\\Desktop\\workbench\\nobsc\\api\\src\\chat\\entities\\ChatUser.ts","statementMap":{"0":{"start":{"line":8,"column":2},"end":{"line":8,"column":9}},"1":{"start":{"line":3,"column":0},"end":{"line":3,"column":16}}},"fnMap":{"0":{"name":"ChatUser","decl":{"start":{"line":3,"column":16},"end":{"line":3,"column":null}},"loc":{"start":{"line":6,"column":16},"end":{"line":9,"column":null}}}},"branchMap":{},"s":{"0":30,"1":7},"f":{"0":30},"b":{}}
,"C:\\Users\\Timothy\\Desktop\\workbench\\nobsc\\api\\src\\chat\\entities\\ChatWhisper.ts": {"path":"C:\\Users\\Timothy\\Desktop\\workbench\\nobsc\\api\\src\\chat\\entities\\ChatWhisper.ts","statementMap":{"0":{"start":{"line":1,"column":0},"end":{"line":1,"column":null}},"1":{"start":{"line":8,"column":2},"end":{"line":8,"column":9}},"2":{"start":{"line":3,"column":0},"end":{"line":3,"column":16}}},"fnMap":{"0":{"name":"ChatWhisper","decl":{"start":{"line":3,"column":16},"end":{"line":3,"column":null}},"loc":{"start":{"line":6,"column":17},"end":{"line":15,"column":null}}}},"branchMap":{},"s":{"0":2,"1":1,"2":2},"f":{"0":1},"b":{}}
,"C:\\Users\\Timothy\\Desktop\\workbench\\nobsc\\api\\src\\chat\\entities\\types.ts": {"path":"C:\\Users\\Timothy\\Desktop\\workbench\\nobsc\\api\\src\\chat\\entities\\types.ts","statementMap":{"0":{"start":{"line":3,"column":13},"end":{"line":3,"column":24}},"1":{"start":{"line":4,"column":13},"end":{"line":4,"column":24}}},"fnMap":{},"branchMap":{},"s":{"0":4,"1":4},"f":{},"b":{}}
,"C:\\Users\\Timothy\\Desktop\\workbench\\nobsc\\api\\src\\chat\\handlers\\addMessage.ts": {"path":"C:\\Users\\Timothy\\Desktop\\workbench\\nobsc\\api\\src\\chat\\handlers\\addMessage.ts","statementMap":{"0":{"start":{"line":4,"column":0},"end":{"line":4,"column":null}},"1":{"start":{"line":5,"column":0},"end":{"line":5,"column":null}},"2":{"start":{"line":15,"column":15},"end":{"line":15,"column":21}},"3":{"start":{"line":15,"column":51},"end":{"line":15,"column":null}},"4":{"start":{"line":16,"column":2},"end":{"line":16,"column":null}},"5":{"start":{"line":16,"column":13},"end":{"line":16,"column":null}},"6":{"start":{"line":18,"column":18},"end":{"line":18,"column":30}},"7":{"start":{"line":20,"column":2},"end":{"line":20,"column":8}},"8":{"start":{"line":22,"column":2},"end":{"line":22,"column":8}},"9":{"start":{"line":23,"column":2},"end":{"line":23,"column":8}},"10":{"start":{"line":7,"column":0},"end":{"line":7,"column":22}}},"fnMap":{"0":{"name":"addMessage","decl":{"start":{"line":7,"column":22},"end":{"line":7,"column":33}},"loc":{"start":{"line":14,"column":14},"end":{"line":24,"column":null}}},"1":{"name":"(anonymous_9)","decl":{"start":{"line":15,"column":46},"end":{"line":15,"column":47}},"loc":{"start":{"line":15,"column":51},"end":{"line":15,"column":null}}}},"branchMap":{"0":{"loc":{"start":{"line":16,"column":2},"end":{"line":16,"column":null}},"type":"if","locations":[{"start":{"line":16,"column":2},"end":{"line":16,"column":null}},{"start":{"line":16,"column":2},"end":{"line":16,"column":null}}]}},"s":{"0":1,"1":1,"2":6,"3":6,"4":6,"5":0,"6":6,"7":6,"8":6,"9":6,"10":1},"f":{"0":6,"1":6},"b":{"0":[0,6]}}
,"C:\\Users\\Timothy\\Desktop\\workbench\\nobsc\\api\\src\\chat\\handlers\\addRoom.ts": {"path":"C:\\Users\\Timothy\\Desktop\\workbench\\nobsc\\api\\src\\chat\\handlers\\addRoom.ts","statementMap":{"0":{"start":{"line":4,"column":0},"end":{"line":4,"column":null}},"1":{"start":{"line":14,"column":2},"end":{"line":14,"column":null}},"2":{"start":{"line":14,"column":19},"end":{"line":14,"column":null}},"3":{"start":{"line":15,"column":23},"end":{"line":15,"column":null}},"4":{"start":{"line":18,"column":2},"end":{"line":27,"column":null}},"5":{"start":{"line":19,"column":4},"end":{"line":26,"column":null}},"6":{"start":{"line":20,"column":6},"end":{"line":20,"column":12}},"7":{"start":{"line":22,"column":6},"end":{"line":22,"column":19}},"8":{"start":{"line":24,"column":6},"end":{"line":24,"column":12}},"9":{"start":{"line":29,"column":2},"end":{"line":29,"column":8}},"10":{"start":{"line":31,"column":2},"end":{"line":31,"column":8}},"11":{"start":{"line":32,"column":2},"end":{"line":32,"column":8}},"12":{"start":{"line":34,"column":2},"end":{"line":34,"column":8}},"13":{"start":{"line":37,"column":16},"end":{"line":37,"column":35}},"14":{"start":{"line":39,"column":2},"end":{"line":39,"column":8}},"15":{"start":{"line":6,"column":0},"end":{"line":6,"column":22}}},"fnMap":{"0":{"name":"addRoom","decl":{"start":{"line":6,"column":22},"end":{"line":6,"column":30}},"loc":{"start":{"line":13,"column":11},"end":{"line":40,"column":null}}}},"branchMap":{"0":{"loc":{"start":{"line":14,"column":2},"end":{"line":14,"column":null}},"type":"if","locations":[{"start":{"line":14,"column":2},"end":{"line":14,"column":null}},{"start":{"line":14,"column":2},"end":{"line":14,"column":null}}]},"1":{"loc":{"start":{"line":19,"column":4},"end":{"line":26,"column":null}},"type":"if","locations":[{"start":{"line":19,"column":4},"end":{"line":26,"column":null}},{"start":{"line":19,"column":4},"end":{"line":26,"column":null}}]}},"s":{"0":1,"1":12,"2":0,"3":12,"4":12,"5":12,"6":12,"7":12,"8":12,"9":12,"10":12,"11":12,"12":12,"13":12,"14":12,"15":1},"f":{"0":12},"b":{"0":[0,12],"1":[12,0]}}
,"C:\\Users\\Timothy\\Desktop\\workbench\\nobsc\\api\\src\\chat\\handlers\\addWhisper.ts": {"path":"C:\\Users\\Timothy\\Desktop\\workbench\\nobsc\\api\\src\\chat\\handlers\\addWhisper.ts","statementMap":{"0":{"start":{"line":6,"column":0},"end":{"line":6,"column":null}},"1":{"start":{"line":7,"column":0},"end":{"line":7,"column":null}},"2":{"start":{"line":20,"column":25},"end":{"line":20,"column":40}},"3":{"start":{"line":21,"column":2},"end":{"line":23,"column":null}},"4":{"start":{"line":22,"column":4},"end":{"line":22,"column":11}},"5":{"start":{"line":26,"column":4},"end":{"line":26,"column":25}},"6":{"start":{"line":28,"column":24},"end":{"line":28,"column":36}},"7":{"start":{"line":28,"column":54},"end":{"line":28,"column":null}},"8":{"start":{"line":29,"column":2},"end":{"line":29,"column":28}},"9":{"start":{"line":29,"column":21},"end":{"line":29,"column":28}},"10":{"start":{"line":31,"column":21},"end":{"line":31,"column":40}},"11":{"start":{"line":32,"column":2},"end":{"line":32,"column":26}},"12":{"start":{"line":32,"column":19},"end":{"line":32,"column":26}},"13":{"start":{"line":34,"column":18},"end":{"line":34,"column":30}},"14":{"start":{"line":36,"column":2},"end":{"line":36,"column":8}},"15":{"start":{"line":37,"column":2},"end":{"line":37,"column":8}},"16":{"start":{"line":9,"column":0},"end":{"line":9,"column":22}}},"fnMap":{"0":{"name":"addWhisper","decl":{"start":{"line":9,"column":22},"end":{"line":9,"column":33}},"loc":{"start":{"line":19,"column":14},"end":{"line":38,"column":null}}},"1":{"name":"(anonymous_9)","decl":{"start":{"line":28,"column":43},"end":{"line":28,"column":54}},"loc":{"start":{"line":28,"column":54},"end":{"line":28,"column":null}}}},"branchMap":{"0":{"loc":{"start":{"line":21,"column":2},"end":{"line":23,"column":null}},"type":"if","locations":[{"start":{"line":21,"column":2},"end":{"line":23,"column":null}},{"start":{"line":21,"column":2},"end":{"line":23,"column":null}}]},"1":{"loc":{"start":{"line":29,"column":2},"end":{"line":29,"column":28}},"type":"if","locations":[{"start":{"line":29,"column":2},"end":{"line":29,"column":28}},{"start":{"line":29,"column":2},"end":{"line":29,"column":28}}]},"2":{"loc":{"start":{"line":32,"column":2},"end":{"line":32,"column":26}},"type":"if","locations":[{"start":{"line":32,"column":2},"end":{"line":32,"column":26}},{"start":{"line":32,"column":2},"end":{"line":32,"column":26}}]}},"s":{"0":1,"1":1,"2":14,"3":14,"4":3,"5":11,"6":11,"7":3,"8":11,"9":3,"10":8,"11":8,"12":3,"13":5,"14":5,"15":5,"16":1},"f":{"0":14,"1":3},"b":{"0":[3,11],"1":[3,8],"2":[3,5]}}
,"C:\\Users\\Timothy\\Desktop\\workbench\\nobsc\\api\\src\\chat\\handlers\\disconnecting.ts": {"path":"C:\\Users\\Timothy\\Desktop\\workbench\\nobsc\\api\\src\\chat\\handlers\\disconnecting.ts","statementMap":{"0":{"start":{"line":6,"column":0},"end":{"line":6,"column":null}},"1":{"start":{"line":18,"column":20},"end":{"line":18,"column":27}},"2":{"start":{"line":21,"column":2},"end":{"line":28,"column":null}},"3":{"start":{"line":22,"column":4},"end":{"line":27,"column":null}},"4":{"start":{"line":23,"column":6},"end":{"line":23,"column":12}},"5":{"start":{"line":26,"column":6},"end":{"line":26,"column":19}},"6":{"start":{"line":30,"column":26},"end":{"line":30,"column":47}},"7":{"start":{"line":32,"column":2},"end":{"line":40,"column":null}},"8":{"start":{"line":33,"column":4},"end":{"line":39,"column":null}},"9":{"start":{"line":34,"column":27},"end":{"line":34,"column":46}},"10":{"start":{"line":35,"column":6},"end":{"line":35,"column":null}},"11":{"start":{"line":35,"column":25},"end":{"line":35,"column":null}},"12":{"start":{"line":37,"column":6},"end":{"line":37,"column":12}},"13":{"start":{"line":42,"column":2},"end":{"line":42,"column":8}},"14":{"start":{"line":8,"column":0},"end":{"line":8,"column":22}}},"fnMap":{"0":{"name":"disconnecting","decl":{"start":{"line":8,"column":22},"end":{"line":8,"column":36}},"loc":{"start":{"line":17,"column":17},"end":{"line":43,"column":null}}}},"branchMap":{"0":{"loc":{"start":{"line":22,"column":4},"end":{"line":27,"column":null}},"type":"if","locations":[{"start":{"line":22,"column":4},"end":{"line":27,"column":null}},{"start":{"line":22,"column":4},"end":{"line":27,"column":null}}]},"1":{"loc":{"start":{"line":32,"column":2},"end":{"line":40,"column":null}},"type":"if","locations":[{"start":{"line":32,"column":2},"end":{"line":40,"column":null}},{"start":{"line":32,"column":2},"end":{"line":40,"column":null}}]},"2":{"loc":{"start":{"line":35,"column":6},"end":{"line":35,"column":null}},"type":"if","locations":[{"start":{"line":35,"column":6},"end":{"line":35,"column":null}},{"start":{"line":35,"column":6},"end":{"line":35,"column":null}}]}},"s":{"0":1,"1":14,"2":14,"3":14,"4":14,"5":14,"6":14,"7":14,"8":14,"9":28,"10":28,"11":12,"12":16,"13":14,"14":1},"f":{"0":14},"b":{"0":[14,0],"1":[14,0],"2":[12,16]}}
,"C:\\Users\\Timothy\\Desktop\\workbench\\nobsc\\api\\src\\chat\\handlers\\getOnline.ts": {"path":"C:\\Users\\Timothy\\Desktop\\workbench\\nobsc\\api\\src\\chat\\handlers\\getOnline.ts","statementMap":{"0":{"start":{"line":5,"column":0},"end":{"line":5,"column":null}},"1":{"start":{"line":15,"column":26},"end":{"line":15,"column":47}},"2":{"start":{"line":16,"column":2},"end":{"line":16,"column":40}},"3":{"start":{"line":16,"column":31},"end":{"line":16,"column":40}},"4":{"start":{"line":18,"column":15},"end":{"line":18,"column":null}},"5":{"start":{"line":20,"column":2},"end":{"line":28,"column":null}},"6":{"start":{"line":21,"column":25},"end":{"line":21,"column":44}},"7":{"start":{"line":22,"column":4},"end":{"line":22,"column":null}},"8":{"start":{"line":22,"column":23},"end":{"line":22,"column":null}},"9":{"start":{"line":24,"column":4},"end":{"line":24,"column":10}},"10":{"start":{"line":27,"column":4},"end":{"line":27,"column":10}},"11":{"start":{"line":30,"column":2},"end":{"line":30,"column":8}},"12":{"start":{"line":7,"column":0},"end":{"line":7,"column":22}}},"fnMap":{"0":{"name":"getOnline","decl":{"start":{"line":7,"column":22},"end":{"line":7,"column":32}},"loc":{"start":{"line":14,"column":13},"end":{"line":31,"column":null}}}},"branchMap":{"0":{"loc":{"start":{"line":16,"column":2},"end":{"line":16,"column":40}},"type":"if","locations":[{"start":{"line":16,"column":2},"end":{"line":16,"column":40}},{"start":{"line":16,"column":2},"end":{"line":16,"column":40}}]},"1":{"loc":{"start":{"line":22,"column":4},"end":{"line":22,"column":null}},"type":"if","locations":[{"start":{"line":22,"column":4},"end":{"line":22,"column":null}},{"start":{"line":22,"column":4},"end":{"line":22,"column":null}}]}},"s":{"0":1,"1":8,"2":8,"3":0,"4":8,"5":8,"6":16,"7":16,"8":6,"9":10,"10":10,"11":8,"12":1},"f":{"0":8},"b":{"0":[0,8],"1":[6,10]}}
,"C:\\Users\\Timothy\\Desktop\\workbench\\nobsc\\api\\src\\chat\\handlers\\getUser.ts": {"path":"C:\\Users\\Timothy\\Desktop\\workbench\\nobsc\\api\\src\\chat\\handlers\\getUser.ts","statementMap":{"0":{"start":{"line":6,"column":16},"end":{"line":6,"column":35}},"1":{"start":{"line":7,"column":2},"end":{"line":7,"column":8}},"2":{"start":{"line":5,"column":0},"end":{"line":5,"column":22}}},"fnMap":{"0":{"name":"getUser","decl":{"start":{"line":5,"column":22},"end":{"line":5,"column":30}},"loc":{"start":{"line":5,"column":72},"end":{"line":8,"column":null}}}},"branchMap":{},"s":{"0":2,"1":2,"2":1},"f":{"0":2},"b":{}}
,"C:\\Users\\Timothy\\Desktop\\workbench\\nobsc\\api\\src\\chat\\handlers\\rejoinRoom.ts": {"path":"C:\\Users\\Timothy\\Desktop\\workbench\\nobsc\\api\\src\\chat\\handlers\\rejoinRoom.ts","statementMap":{"0":{"start":{"line":4,"column":0},"end":{"line":4,"column":null}},"1":{"start":{"line":14,"column":2},"end":{"line":14,"column":null}},"2":{"start":{"line":14,"column":19},"end":{"line":14,"column":null}},"3":{"start":{"line":16,"column":2},"end":{"line":16,"column":8}},"4":{"start":{"line":18,"column":2},"end":{"line":18,"column":8}},"5":{"start":{"line":19,"column":2},"end":{"line":19,"column":8}},"6":{"start":{"line":21,"column":2},"end":{"line":21,"column":8}},"7":{"start":{"line":23,"column":16},"end":{"line":23,"column":35}},"8":{"start":{"line":25,"column":2},"end":{"line":25,"column":8}},"9":{"start":{"line":6,"column":0},"end":{"line":6,"column":22}}},"fnMap":{"0":{"name":"rejoinRoom","decl":{"start":{"line":6,"column":22},"end":{"line":6,"column":33}},"loc":{"start":{"line":13,"column":14},"end":{"line":26,"column":null}}}},"branchMap":{"0":{"loc":{"start":{"line":14,"column":2},"end":{"line":14,"column":null}},"type":"if","locations":[{"start":{"line":14,"column":2},"end":{"line":14,"column":null}},{"start":{"line":14,"column":2},"end":{"line":14,"column":null}}]}},"s":{"0":1,"1":7,"2":0,"3":7,"4":7,"5":7,"6":7,"7":7,"8":7,"9":1},"f":{"0":7},"b":{"0":[0,7]}}
,"C:\\Users\\Timothy\\Desktop\\workbench\\nobsc\\api\\src\\controllers\\content.ts": {"path":"C:\\Users\\Timothy\\Desktop\\workbench\\nobsc\\api\\src\\controllers\\content.ts","statementMap":{"0":{"start":{"line":3,"column":0},"end":{"line":3,"column":null}},"1":{"start":{"line":4,"column":0},"end":{"line":4,"column":null}},"2":{"start":{"line":6,"column":13},"end":{"line":6,"column":33}},"3":{"start":{"line":8,"column":21},"end":{"line":8,"column":null}},"4":{"start":{"line":10,"column":20},"end":{"line":10,"column":24}},"5":{"start":{"line":12,"column":17},"end":{"line":12,"column":30}},"6":{"start":{"line":14,"column":4},"end":{"line":14,"column":11}},"7":{"start":{"line":17,"column":15},"end":{"line":17,"column":22}},"8":{"start":{"line":18,"column":21},"end":{"line":18,"column":null}},"9":{"start":{"line":20,"column":20},"end":{"line":20,"column":24}},"10":{"start":{"line":22,"column":20},"end":{"line":22,"column":33}},"11":{"start":{"line":24,"column":4},"end":{"line":24,"column":11}},"12":{"start":{"line":27,"column":17},"end":{"line":27,"column":null}},"13":{"start":{"line":29,"column":24},"end":{"line":29,"column":59}},"14":{"start":{"line":31,"column":20},"end":{"line":31,"column":24}},"15":{"start":{"line":33,"column":17},"end":{"line":33,"column":30}},"16":{"start":{"line":35,"column":4},"end":{"line":35,"column":11}}},"fnMap":{"0":{"name":"(anonymous_7)","decl":{"start":{"line":7,"column":8},"end":{"line":7,"column":23}},"loc":{"start":{"line":7,"column":50},"end":{"line":15,"column":null}}},"1":{"name":"(anonymous_9)","decl":{"start":{"line":16,"column":12},"end":{"line":16,"column":27}},"loc":{"start":{"line":16,"column":54},"end":{"line":25,"column":null}}},"2":{"name":"(anonymous_11)","decl":{"start":{"line":26,"column":29},"end":{"line":26,"column":44}},"loc":{"start":{"line":26,"column":71},"end":{"line":36,"column":null}}}},"branchMap":{},"s":{"0":1,"1":1,"2":1,"3":3,"4":3,"5":3,"6":3,"7":3,"8":3,"9":3,"10":3,"11":3,"12":3,"13":3,"14":3,"15":3,"16":3},"f":{"0":3,"1":3,"2":3},"b":{}}
,"C:\\Users\\Timothy\\Desktop\\workbench\\nobsc\\api\\src\\controllers\\contentType.ts": {"path":"C:\\Users\\Timothy\\Desktop\\workbench\\nobsc\\api\\src\\controllers\\contentType.ts","statementMap":{"0":{"start":{"line":3,"column":0},"end":{"line":3,"column":null}},"1":{"start":{"line":4,"column":0},"end":{"line":4,"column":null}},"2":{"start":{"line":6,"column":13},"end":{"line":6,"column":37}},"3":{"start":{"line":8,"column":24},"end":{"line":8,"column":28}},"4":{"start":{"line":10,"column":17},"end":{"line":10,"column":34}},"5":{"start":{"line":12,"column":4},"end":{"line":12,"column":11}},"6":{"start":{"line":15,"column":15},"end":{"line":15,"column":22}},"7":{"start":{"line":17,"column":24},"end":{"line":17,"column":28}},"8":{"start":{"line":19,"column":20},"end":{"line":19,"column":37}},"9":{"start":{"line":21,"column":4},"end":{"line":21,"column":11}}},"fnMap":{"0":{"name":"(anonymous_7)","decl":{"start":{"line":7,"column":8},"end":{"line":7,"column":23}},"loc":{"start":{"line":7,"column":50},"end":{"line":13,"column":null}}},"1":{"name":"(anonymous_9)","decl":{"start":{"line":14,"column":12},"end":{"line":14,"column":27}},"loc":{"start":{"line":14,"column":54},"end":{"line":22,"column":null}}}},"branchMap":{},"s":{"0":1,"1":1,"2":1,"3":3,"4":3,"5":3,"6":3,"7":3,"8":3,"9":3},"f":{"0":3,"1":3},"b":{}}
,"C:\\Users\\Timothy\\Desktop\\workbench\\nobsc\\api\\src\\controllers\\cuisine.ts": {"path":"C:\\Users\\Timothy\\Desktop\\workbench\\nobsc\\api\\src\\controllers\\cuisine.ts","statementMap":{"0":{"start":{"line":3,"column":0},"end":{"line":3,"column":null}},"1":{"start":{"line":4,"column":0},"end":{"line":4,"column":null}},"2":{"start":{"line":6,"column":13},"end":{"line":6,"column":33}},"3":{"start":{"line":8,"column":20},"end":{"line":8,"column":24}},"4":{"start":{"line":10,"column":17},"end":{"line":10,"column":30}},"5":{"start":{"line":12,"column":4},"end":{"line":12,"column":11}},"6":{"start":{"line":15,"column":15},"end":{"line":15,"column":22}},"7":{"start":{"line":17,"column":20},"end":{"line":17,"column":24}},"8":{"start":{"line":19,"column":20},"end":{"line":19,"column":33}},"9":{"start":{"line":21,"column":4},"end":{"line":21,"column":11}},"10":{"start":{"line":24,"column":15},"end":{"line":24,"column":22}},"11":{"start":{"line":26,"column":20},"end":{"line":26,"column":24}},"12":{"start":{"line":28,"column":19},"end":{"line":28,"column":32}},"13":{"start":{"line":30,"column":4},"end":{"line":30,"column":11}}},"fnMap":{"0":{"name":"(anonymous_7)","decl":{"start":{"line":7,"column":8},"end":{"line":7,"column":23}},"loc":{"start":{"line":7,"column":50},"end":{"line":13,"column":null}}},"1":{"name":"(anonymous_9)","decl":{"start":{"line":14,"column":12},"end":{"line":14,"column":27}},"loc":{"start":{"line":14,"column":54},"end":{"line":22,"column":null}}},"2":{"name":"(anonymous_11)","decl":{"start":{"line":23,"column":18},"end":{"line":23,"column":33}},"loc":{"start":{"line":23,"column":60},"end":{"line":31,"column":null}}}},"branchMap":{},"s":{"0":1,"1":1,"2":1,"3":3,"4":3,"5":3,"6":3,"7":3,"8":3,"9":3,"10":3,"11":3,"12":3,"13":3},"f":{"0":3,"1":3,"2":3},"b":{}}
,"C:\\Users\\Timothy\\Desktop\\workbench\\nobsc\\api\\src\\controllers\\cuisineEquipment.ts": {"path":"C:\\Users\\Timothy\\Desktop\\workbench\\nobsc\\api\\src\\controllers\\cuisineEquipment.ts","statementMap":{"0":{"start":{"line":3,"column":0},"end":{"line":3,"column":null}},"1":{"start":{"line":4,"column":0},"end":{"line":4,"column":null}},"2":{"start":{"line":6,"column":13},"end":{"line":6,"column":42}},"3":{"start":{"line":8,"column":15},"end":{"line":8,"column":22}},"4":{"start":{"line":10,"column":29},"end":{"line":10,"column":33}},"5":{"start":{"line":12,"column":17},"end":{"line":12,"column":39}},"6":{"start":{"line":14,"column":4},"end":{"line":14,"column":11}}},"fnMap":{"0":{"name":"(anonymous_7)","decl":{"start":{"line":7,"column":19},"end":{"line":7,"column":34}},"loc":{"start":{"line":7,"column":61},"end":{"line":15,"column":null}}}},"branchMap":{},"s":{"0":1,"1":1,"2":1,"3":3,"4":3,"5":3,"6":3},"f":{"0":3},"b":{}}
,"C:\\Users\\Timothy\\Desktop\\workbench\\nobsc\\api\\src\\controllers\\cuisineIngredient.ts": {"path":"C:\\Users\\Timothy\\Desktop\\workbench\\nobsc\\api\\src\\controllers\\cuisineIngredient.ts","statementMap":{"0":{"start":{"line":3,"column":0},"end":{"line":3,"column":null}},"1":{"start":{"line":4,"column":0},"end":{"line":4,"column":null}},"2":{"start":{"line":6,"column":13},"end":{"line":6,"column":43}},"3":{"start":{"line":8,"column":15},"end":{"line":8,"column":22}},"4":{"start":{"line":10,"column":30},"end":{"line":10,"column":34}},"5":{"start":{"line":12,"column":17},"end":{"line":12,"column":40}},"6":{"start":{"line":14,"column":4},"end":{"line":14,"column":11}}},"fnMap":{"0":{"name":"(anonymous_7)","decl":{"start":{"line":7,"column":19},"end":{"line":7,"column":34}},"loc":{"start":{"line":7,"column":61},"end":{"line":15,"column":null}}}},"branchMap":{},"s":{"0":1,"1":1,"2":1,"3":3,"4":3,"5":3,"6":3},"f":{"0":3},"b":{}}
,"C:\\Users\\Timothy\\Desktop\\workbench\\nobsc\\api\\src\\controllers\\cuisineSupplier.ts": {"path":"C:\\Users\\Timothy\\Desktop\\workbench\\nobsc\\api\\src\\controllers\\cuisineSupplier.ts","statementMap":{"0":{"start":{"line":3,"column":0},"end":{"line":3,"column":null}},"1":{"start":{"line":4,"column":0},"end":{"line":4,"column":null}},"2":{"start":{"line":6,"column":13},"end":{"line":6,"column":41}},"3":{"start":{"line":8,"column":15},"end":{"line":8,"column":22}},"4":{"start":{"line":10,"column":28},"end":{"line":10,"column":32}},"5":{"start":{"line":12,"column":17},"end":{"line":12,"column":38}},"6":{"start":{"line":14,"column":4},"end":{"line":14,"column":11}}},"fnMap":{"0":{"name":"(anonymous_7)","decl":{"start":{"line":7,"column":19},"end":{"line":7,"column":34}},"loc":{"start":{"line":7,"column":61},"end":{"line":15,"column":null}}}},"branchMap":{},"s":{"0":1,"1":1,"2":1,"3":3,"4":3,"5":3,"6":3},"f":{"0":3},"b":{}}
,"C:\\Users\\Timothy\\Desktop\\workbench\\nobsc\\api\\src\\controllers\\equipment.ts": {"path":"C:\\Users\\Timothy\\Desktop\\workbench\\nobsc\\api\\src\\controllers\\equipment.ts","statementMap":{"0":{"start":{"line":3,"column":0},"end":{"line":3,"column":null}},"1":{"start":{"line":4,"column":0},"end":{"line":4,"column":null}},"2":{"start":{"line":6,"column":13},"end":{"line":6,"column":35}},"3":{"start":{"line":8,"column":21},"end":{"line":8,"column":null}},"4":{"start":{"line":9,"column":20},"end":{"line":9,"column":null}},"5":{"start":{"line":11,"column":22},"end":{"line":11,"column":26}},"6":{"start":{"line":13,"column":17},"end":{"line":13,"column":32}},"7":{"start":{"line":15,"column":4},"end":{"line":15,"column":11}},"8":{"start":{"line":18,"column":15},"end":{"line":18,"column":22}},"9":{"start":{"line":19,"column":21},"end":{"line":19,"column":null}},"10":{"start":{"line":20,"column":20},"end":{"line":20,"column":null}},"11":{"start":{"line":22,"column":22},"end":{"line":22,"column":26}},"12":{"start":{"line":24,"column":20},"end":{"line":24,"column":35}},"13":{"start":{"line":26,"column":4},"end":{"line":26,"column":11}}},"fnMap":{"0":{"name":"(anonymous_7)","decl":{"start":{"line":7,"column":8},"end":{"line":7,"column":24}},"loc":{"start":{"line":7,"column":51},"end":{"line":16,"column":null}}},"1":{"name":"(anonymous_9)","decl":{"start":{"line":17,"column":12},"end":{"line":17,"column":27}},"loc":{"start":{"line":17,"column":54},"end":{"line":27,"column":null}}}},"branchMap":{},"s":{"0":1,"1":1,"2":1,"3":3,"4":3,"5":3,"6":3,"7":3,"8":3,"9":3,"10":3,"11":3,"12":3,"13":3},"f":{"0":3,"1":3},"b":{}}
,"C:\\Users\\Timothy\\Desktop\\workbench\\nobsc\\api\\src\\controllers\\equipmentType.ts": {"path":"C:\\Users\\Timothy\\Desktop\\workbench\\nobsc\\api\\src\\controllers\\equipmentType.ts","statementMap":{"0":{"start":{"line":3,"column":0},"end":{"line":3,"column":null}},"1":{"start":{"line":4,"column":0},"end":{"line":4,"column":null}},"2":{"start":{"line":6,"column":13},"end":{"line":6,"column":39}},"3":{"start":{"line":8,"column":26},"end":{"line":8,"column":30}},"4":{"start":{"line":10,"column":17},"end":{"line":10,"column":36}},"5":{"start":{"line":12,"column":4},"end":{"line":12,"column":11}},"6":{"start":{"line":15,"column":15},"end":{"line":15,"column":22}},"7":{"start":{"line":17,"column":26},"end":{"line":17,"column":30}},"8":{"start":{"line":19,"column":20},"end":{"line":19,"column":39}},"9":{"start":{"line":21,"column":4},"end":{"line":21,"column":11}}},"fnMap":{"0":{"name":"(anonymous_7)","decl":{"start":{"line":7,"column":8},"end":{"line":7,"column":23}},"loc":{"start":{"line":7,"column":50},"end":{"line":13,"column":null}}},"1":{"name":"(anonymous_9)","decl":{"start":{"line":14,"column":12},"end":{"line":14,"column":27}},"loc":{"start":{"line":14,"column":54},"end":{"line":22,"column":null}}}},"branchMap":{},"s":{"0":1,"1":1,"2":1,"3":3,"4":3,"5":3,"6":3,"7":3,"8":3,"9":3},"f":{"0":3,"1":3},"b":{}}
,"C:\\Users\\Timothy\\Desktop\\workbench\\nobsc\\api\\src\\controllers\\ingredient.ts": {"path":"C:\\Users\\Timothy\\Desktop\\workbench\\nobsc\\api\\src\\controllers\\ingredient.ts","statementMap":{"0":{"start":{"line":3,"column":0},"end":{"line":3,"column":null}},"1":{"start":{"line":4,"column":0},"end":{"line":4,"column":null}},"2":{"start":{"line":6,"column":13},"end":{"line":6,"column":36}},"3":{"start":{"line":8,"column":21},"end":{"line":8,"column":null}},"4":{"start":{"line":9,"column":20},"end":{"line":9,"column":null}},"5":{"start":{"line":11,"column":23},"end":{"line":11,"column":27}},"6":{"start":{"line":13,"column":17},"end":{"line":13,"column":33}},"7":{"start":{"line":15,"column":4},"end":{"line":15,"column":11}},"8":{"start":{"line":18,"column":15},"end":{"line":18,"column":22}},"9":{"start":{"line":19,"column":21},"end":{"line":19,"column":null}},"10":{"start":{"line":20,"column":20},"end":{"line":20,"column":null}},"11":{"start":{"line":22,"column":23},"end":{"line":22,"column":27}},"12":{"start":{"line":24,"column":20},"end":{"line":24,"column":36}},"13":{"start":{"line":26,"column":4},"end":{"line":26,"column":11}}},"fnMap":{"0":{"name":"(anonymous_7)","decl":{"start":{"line":7,"column":8},"end":{"line":7,"column":24}},"loc":{"start":{"line":7,"column":51},"end":{"line":16,"column":null}}},"1":{"name":"(anonymous_9)","decl":{"start":{"line":17,"column":12},"end":{"line":17,"column":27}},"loc":{"start":{"line":17,"column":54},"end":{"line":27,"column":null}}}},"branchMap":{},"s":{"0":1,"1":1,"2":1,"3":3,"4":3,"5":3,"6":3,"7":3,"8":3,"9":3,"10":3,"11":3,"12":3,"13":3},"f":{"0":3,"1":3},"b":{}}
,"C:\\Users\\Timothy\\Desktop\\workbench\\nobsc\\api\\src\\controllers\\ingredientType.ts": {"path":"C:\\Users\\Timothy\\Desktop\\workbench\\nobsc\\api\\src\\controllers\\ingredientType.ts","statementMap":{"0":{"start":{"line":3,"column":0},"end":{"line":3,"column":null}},"1":{"start":{"line":4,"column":0},"end":{"line":4,"column":null}},"2":{"start":{"line":6,"column":13},"end":{"line":6,"column":40}},"3":{"start":{"line":8,"column":27},"end":{"line":8,"column":31}},"4":{"start":{"line":10,"column":17},"end":{"line":10,"column":37}},"5":{"start":{"line":12,"column":4},"end":{"line":12,"column":11}},"6":{"start":{"line":15,"column":15},"end":{"line":15,"column":22}},"7":{"start":{"line":17,"column":27},"end":{"line":17,"column":31}},"8":{"start":{"line":19,"column":20},"end":{"line":19,"column":40}},"9":{"start":{"line":21,"column":4},"end":{"line":21,"column":11}}},"fnMap":{"0":{"name":"(anonymous_7)","decl":{"start":{"line":7,"column":8},"end":{"line":7,"column":23}},"loc":{"start":{"line":7,"column":50},"end":{"line":13,"column":null}}},"1":{"name":"(anonymous_9)","decl":{"start":{"line":14,"column":12},"end":{"line":14,"column":27}},"loc":{"start":{"line":14,"column":54},"end":{"line":22,"column":null}}}},"branchMap":{},"s":{"0":1,"1":1,"2":1,"3":3,"4":3,"5":3,"6":3,"7":3,"8":3,"9":3},"f":{"0":3,"1":3},"b":{}}
,"C:\\Users\\Timothy\\Desktop\\workbench\\nobsc\\api\\src\\controllers\\measurement.ts": {"path":"C:\\Users\\Timothy\\Desktop\\workbench\\nobsc\\api\\src\\controllers\\measurement.ts","statementMap":{"0":{"start":{"line":3,"column":0},"end":{"line":3,"column":null}},"1":{"start":{"line":4,"column":0},"end":{"line":4,"column":null}},"2":{"start":{"line":6,"column":13},"end":{"line":6,"column":37}},"3":{"start":{"line":8,"column":24},"end":{"line":8,"column":28}},"4":{"start":{"line":10,"column":17},"end":{"line":10,"column":34}},"5":{"start":{"line":12,"column":4},"end":{"line":12,"column":11}},"6":{"start":{"line":15,"column":15},"end":{"line":15,"column":22}},"7":{"start":{"line":17,"column":24},"end":{"line":17,"column":28}},"8":{"start":{"line":19,"column":20},"end":{"line":19,"column":37}},"9":{"start":{"line":21,"column":4},"end":{"line":21,"column":11}}},"fnMap":{"0":{"name":"(anonymous_7)","decl":{"start":{"line":7,"column":8},"end":{"line":7,"column":23}},"loc":{"start":{"line":7,"column":50},"end":{"line":13,"column":null}}},"1":{"name":"(anonymous_9)","decl":{"start":{"line":14,"column":12},"end":{"line":14,"column":27}},"loc":{"start":{"line":14,"column":54},"end":{"line":22,"column":null}}}},"branchMap":{},"s":{"0":1,"1":1,"2":1,"3":3,"4":3,"5":3,"6":3,"7":3,"8":3,"9":3},"f":{"0":3,"1":3},"b":{}}
,"C:\\Users\\Timothy\\Desktop\\workbench\\nobsc\\api\\src\\controllers\\method.ts": {"path":"C:\\Users\\Timothy\\Desktop\\workbench\\nobsc\\api\\src\\controllers\\method.ts","statementMap":{"0":{"start":{"line":3,"column":0},"end":{"line":3,"column":null}},"1":{"start":{"line":4,"column":0},"end":{"line":4,"column":null}},"2":{"start":{"line":6,"column":13},"end":{"line":6,"column":32}},"3":{"start":{"line":8,"column":19},"end":{"line":8,"column":23}},"4":{"start":{"line":10,"column":17},"end":{"line":10,"column":29}},"5":{"start":{"line":12,"column":4},"end":{"line":12,"column":11}},"6":{"start":{"line":15,"column":15},"end":{"line":15,"column":22}},"7":{"start":{"line":17,"column":19},"end":{"line":17,"column":23}},"8":{"start":{"line":19,"column":20},"end":{"line":19,"column":32}},"9":{"start":{"line":21,"column":4},"end":{"line":21,"column":11}}},"fnMap":{"0":{"name":"(anonymous_7)","decl":{"start":{"line":7,"column":8},"end":{"line":7,"column":23}},"loc":{"start":{"line":7,"column":50},"end":{"line":13,"column":null}}},"1":{"name":"(anonymous_9)","decl":{"start":{"line":14,"column":12},"end":{"line":14,"column":27}},"loc":{"start":{"line":14,"column":54},"end":{"line":22,"column":null}}}},"branchMap":{},"s":{"0":1,"1":1,"2":1,"3":3,"4":3,"5":3,"6":3,"7":3,"8":3,"9":3},"f":{"0":3,"1":3},"b":{}}
,"C:\\Users\\Timothy\\Desktop\\workbench\\nobsc\\api\\src\\controllers\\product.ts": {"path":"C:\\Users\\Timothy\\Desktop\\workbench\\nobsc\\api\\src\\controllers\\product.ts","statementMap":{"0":{"start":{"line":3,"column":0},"end":{"line":3,"column":null}},"1":{"start":{"line":4,"column":0},"end":{"line":4,"column":null}},"2":{"start":{"line":6,"column":13},"end":{"line":6,"column":33}},"3":{"start":{"line":8,"column":20},"end":{"line":8,"column":24}},"4":{"start":{"line":10,"column":17},"end":{"line":10,"column":30}},"5":{"start":{"line":12,"column":4},"end":{"line":12,"column":11}},"6":{"start":{"line":15,"column":15},"end":{"line":15,"column":22}},"7":{"start":{"line":17,"column":20},"end":{"line":17,"column":24}},"8":{"start":{"line":19,"column":20},"end":{"line":19,"column":33}},"9":{"start":{"line":21,"column":4},"end":{"line":21,"column":11}}},"fnMap":{"0":{"name":"(anonymous_7)","decl":{"start":{"line":7,"column":8},"end":{"line":7,"column":24}},"loc":{"start":{"line":7,"column":51},"end":{"line":13,"column":null}}},"1":{"name":"(anonymous_9)","decl":{"start":{"line":14,"column":12},"end":{"line":14,"column":27}},"loc":{"start":{"line":14,"column":54},"end":{"line":22,"column":null}}}},"branchMap":{},"s":{"0":1,"1":1,"2":1,"3":3,"4":3,"5":3,"6":3,"7":3,"8":3,"9":3},"f":{"0":3,"1":3},"b":{}}
,"C:\\Users\\Timothy\\Desktop\\workbench\\nobsc\\api\\src\\controllers\\profile.ts": {"path":"C:\\Users\\Timothy\\Desktop\\workbench\\nobsc\\api\\src\\controllers\\profile.ts","statementMap":{"0":{"start":{"line":2,"column":0},"end":{"line":2,"column":null}},"1":{"start":{"line":4,"column":0},"end":{"line":4,"column":null}},"2":{"start":{"line":5,"column":0},"end":{"line":5,"column":null}},"3":{"start":{"line":6,"column":0},"end":{"line":6,"column":null}},"4":{"start":{"line":7,"column":0},"end":{"line":7,"column":null}},"5":{"start":{"line":8,"column":0},"end":{"line":8,"column":null}},"6":{"start":{"line":10,"column":13},"end":{"line":10,"column":33}},"7":{"start":{"line":12,"column":21},"end":{"line":12,"column":null}},"8":{"start":{"line":14,"column":4},"end":{"line":14,"column":11}},"9":{"start":{"line":16,"column":17},"end":{"line":16,"column":21}},"10":{"start":{"line":18,"column":27},"end":{"line":18,"column":37}},"11":{"start":{"line":19,"column":4},"end":{"line":19,"column":35}},"12":{"start":{"line":19,"column":28},"end":{"line":19,"column":35}},"13":{"start":{"line":21,"column":15},"end":{"line":21,"column":null}},"14":{"start":{"line":22,"column":19},"end":{"line":22,"column":null}},"15":{"start":{"line":24,"column":19},"end":{"line":24,"column":23}},"16":{"start":{"line":26,"column":26},"end":{"line":26,"column":38}},"17":{"start":{"line":28,"column":27},"end":{"line":28,"column":31}},"18":{"start":{"line":30,"column":28},"end":{"line":30,"column":48}},"19":{"start":{"line":32,"column":4},"end":{"line":32,"column":11}}},"fnMap":{"0":{"name":"(anonymous_7)","decl":{"start":{"line":11,"column":8},"end":{"line":11,"column":23}},"loc":{"start":{"line":11,"column":50},"end":{"line":38,"column":null}}}},"branchMap":{"0":{"loc":{"start":{"line":19,"column":4},"end":{"line":19,"column":35}},"type":"if","locations":[{"start":{"line":19,"column":4},"end":{"line":19,"column":35}},{"start":{"line":19,"column":4},"end":{"line":19,"column":35}}]}},"s":{"0":1,"1":1,"2":1,"3":1,"4":1,"5":1,"6":1,"7":6,"8":6,"9":6,"10":6,"11":6,"12":0,"13":6,"14":6,"15":6,"16":6,"17":6,"18":6,"19":6},"f":{"0":6},"b":{"0":[0,6]}}
,"C:\\Users\\Timothy\\Desktop\\workbench\\nobsc\\api\\src\\controllers\\recipe.ts": {"path":"C:\\Users\\Timothy\\Desktop\\workbench\\nobsc\\api\\src\\controllers\\recipe.ts","statementMap":{"0":{"start":{"line":4,"column":0},"end":{"line":4,"column":null}},"1":{"start":{"line":8,"column":0},"end":{"line":8,"column":null}},"2":{"start":{"line":10,"column":13},"end":{"line":10,"column":32}},"3":{"start":{"line":12,"column":21},"end":{"line":12,"column":null}},"4":{"start":{"line":13,"column":20},"end":{"line":13,"column":null}},"5":{"start":{"line":15,"column":19},"end":{"line":15,"column":23}},"6":{"start":{"line":17,"column":17},"end":{"line":17,"column":29}},"7":{"start":{"line":19,"column":4},"end":{"line":19,"column":11}},"8":{"start":{"line":22,"column":15},"end":{"line":22,"column":22}},"9":{"start":{"line":23,"column":21},"end":{"line":23,"column":null}},"10":{"start":{"line":24,"column":20},"end":{"line":24,"column":null}},"11":{"start":{"line":29,"column":19},"end":{"line":29,"column":23}},"12":{"start":{"line":31,"column":20},"end":{"line":31,"column":32}},"13":{"start":{"line":33,"column":4},"end":{"line":33,"column":11}}},"fnMap":{"0":{"name":"(anonymous_7)","decl":{"start":{"line":11,"column":8},"end":{"line":11,"column":23}},"loc":{"start":{"line":11,"column":50},"end":{"line":20,"column":null}}},"1":{"name":"(anonymous_9)","decl":{"start":{"line":21,"column":12},"end":{"line":21,"column":27}},"loc":{"start":{"line":21,"column":54},"end":{"line":34,"column":null}}}},"branchMap":{},"s":{"0":1,"1":1,"2":1,"3":3,"4":3,"5":3,"6":3,"7":3,"8":3,"9":3,"10":3,"11":3,"12":3,"13":3},"f":{"0":3,"1":3},"b":{}}
,"C:\\Users\\Timothy\\Desktop\\workbench\\nobsc\\api\\src\\controllers\\recipeType.ts": {"path":"C:\\Users\\Timothy\\Desktop\\workbench\\nobsc\\api\\src\\controllers\\recipeType.ts","statementMap":{"0":{"start":{"line":2,"column":0},"end":{"line":2,"column":null}},"1":{"start":{"line":4,"column":0},"end":{"line":4,"column":null}},"2":{"start":{"line":5,"column":0},"end":{"line":5,"column":null}},"3":{"start":{"line":8,"column":0},"end":{"line":8,"column":null}},"4":{"start":{"line":10,"column":13},"end":{"line":10,"column":36}},"5":{"start":{"line":12,"column":23},"end":{"line":12,"column":27}},"6":{"start":{"line":14,"column":17},"end":{"line":14,"column":33}},"7":{"start":{"line":16,"column":4},"end":{"line":16,"column":11}},"8":{"start":{"line":19,"column":15},"end":{"line":19,"column":22}},"9":{"start":{"line":21,"column":4},"end":{"line":21,"column":11}},"10":{"start":{"line":23,"column":23},"end":{"line":23,"column":27}},"11":{"start":{"line":25,"column":20},"end":{"line":25,"column":36}},"12":{"start":{"line":27,"column":4},"end":{"line":27,"column":11}}},"fnMap":{"0":{"name":"(anonymous_7)","decl":{"start":{"line":11,"column":8},"end":{"line":11,"column":23}},"loc":{"start":{"line":11,"column":50},"end":{"line":17,"column":null}}},"1":{"name":"(anonymous_9)","decl":{"start":{"line":18,"column":12},"end":{"line":18,"column":27}},"loc":{"start":{"line":18,"column":54},"end":{"line":28,"column":null}}}},"branchMap":{},"s":{"0":1,"1":1,"2":1,"3":1,"4":1,"5":3,"6":3,"7":3,"8":4,"9":4,"10":4,"11":4,"12":4},"f":{"0":3,"1":4},"b":{}}
,"C:\\Users\\Timothy\\Desktop\\workbench\\nobsc\\api\\src\\controllers\\search.ts": {"path":"C:\\Users\\Timothy\\Desktop\\workbench\\nobsc\\api\\src\\controllers\\search.ts","statementMap":{"0":{"start":{"line":3,"column":0},"end":{"line":3,"column":null}},"1":{"start":{"line":4,"column":0},"end":{"line":4,"column":null}},"2":{"start":{"line":5,"column":0},"end":{"line":5,"column":null}},"3":{"start":{"line":6,"column":0},"end":{"line":6,"column":null}},"4":{"start":{"line":7,"column":0},"end":{"line":7,"column":null}},"5":{"start":{"line":8,"column":0},"end":{"line":8,"column":null}},"6":{"start":{"line":10,"column":13},"end":{"line":10,"column":32}},"7":{"start":{"line":30,"column":23},"end":{"line":30,"column":null}},"8":{"start":{"line":32,"column":28},"end":{"line":32,"column":32}},"9":{"start":{"line":34,"column":18},"end":{"line":34,"column":39}},"10":{"start":{"line":36,"column":4},"end":{"line":36,"column":11}},"11":{"start":{"line":39,"column":17},"end":{"line":39,"column":33}},"12":{"start":{"line":41,"column":28},"end":{"line":41,"column":32}},"13":{"start":{"line":43,"column":18},"end":{"line":43,"column":39}},"14":{"start":{"line":45,"column":4},"end":{"line":45,"column":11}},"15":{"start":{"line":48,"column":23},"end":{"line":48,"column":null}},"16":{"start":{"line":50,"column":29},"end":{"line":50,"column":33}},"17":{"start":{"line":52,"column":18},"end":{"line":52,"column":40}},"18":{"start":{"line":54,"column":4},"end":{"line":54,"column":11}},"19":{"start":{"line":57,"column":17},"end":{"line":57,"column":33}},"20":{"start":{"line":59,"column":29},"end":{"line":59,"column":33}},"21":{"start":{"line":61,"column":18},"end":{"line":61,"column":40}},"22":{"start":{"line":63,"column":4},"end":{"line":63,"column":11}},"23":{"start":{"line":66,"column":23},"end":{"line":66,"column":null}},"24":{"start":{"line":68,"column":26},"end":{"line":68,"column":30}},"25":{"start":{"line":70,"column":18},"end":{"line":70,"column":37}},"26":{"start":{"line":72,"column":4},"end":{"line":72,"column":11}},"27":{"start":{"line":75,"column":17},"end":{"line":75,"column":33}},"28":{"start":{"line":77,"column":26},"end":{"line":77,"column":30}},"29":{"start":{"line":79,"column":18},"end":{"line":79,"column":37}},"30":{"start":{"line":81,"column":4},"end":{"line":81,"column":11}},"31":{"start":{"line":84,"column":23},"end":{"line":84,"column":null}},"32":{"start":{"line":86,"column":25},"end":{"line":86,"column":29}},"33":{"start":{"line":88,"column":18},"end":{"line":88,"column":36}},"34":{"start":{"line":90,"column":4},"end":{"line":90,"column":11}},"35":{"start":{"line":93,"column":17},"end":{"line":93,"column":33}},"36":{"start":{"line":95,"column":25},"end":{"line":95,"column":29}},"37":{"start":{"line":97,"column":18},"end":{"line":97,"column":36}},"38":{"start":{"line":99,"column":4},"end":{"line":99,"column":11}}},"fnMap":{"0":{"name":"(anonymous_7)","decl":{"start":{"line":29,"column":31},"end":{"line":29,"column":46}},"loc":{"start":{"line":29,"column":73},"end":{"line":37,"column":null}}},"1":{"name":"(anonymous_9)","decl":{"start":{"line":38,"column":23},"end":{"line":38,"column":38}},"loc":{"start":{"line":38,"column":65},"end":{"line":46,"column":null}}},"2":{"name":"(anonymous_11)","decl":{"start":{"line":47,"column":33},"end":{"line":47,"column":48}},"loc":{"start":{"line":47,"column":75},"end":{"line":55,"column":null}}},"3":{"name":"(anonymous_13)","decl":{"start":{"line":56,"column":25},"end":{"line":56,"column":40}},"loc":{"start":{"line":56,"column":67},"end":{"line":64,"column":null}}},"4":{"name":"(anonymous_15)","decl":{"start":{"line":65,"column":30},"end":{"line":65,"column":45}},"loc":{"start":{"line":65,"column":72},"end":{"line":73,"column":null}}},"5":{"name":"(anonymous_17)","decl":{"start":{"line":74,"column":22},"end":{"line":74,"column":37}},"loc":{"start":{"line":74,"column":64},"end":{"line":82,"column":null}}},"6":{"name":"(anonymous_19)","decl":{"start":{"line":83,"column":29},"end":{"line":83,"column":44}},"loc":{"start":{"line":83,"column":71},"end":{"line":91,"column":null}}},"7":{"name":"(anonymous_21)","decl":{"start":{"line":92,"column":21},"end":{"line":92,"column":36}},"loc":{"start":{"line":92,"column":63},"end":{"line":100,"column":null}}}},"branchMap":{},"s":{"0":1,"1":1,"2":1,"3":1,"4":1,"5":1,"6":1,"7":3,"8":3,"9":3,"10":3,"11":3,"12":3,"13":3,"14":3,"15":3,"16":3,"17":3,"18":3,"19":3,"20":3,"21":3,"22":3,"23":3,"24":3,"25":3,"26":3,"27":3,"28":3,"29":3,"30":3,"31":3,"32":3,"33":3,"34":3,"35":3,"36":3,"37":3,"38":3},"f":{"0":3,"1":3,"2":3,"3":3,"4":3,"5":3,"6":3,"7":3},"b":{}}
,"C:\\Users\\Timothy\\Desktop\\workbench\\nobsc\\api\\src\\controllers\\supplier.ts": {"path":"C:\\Users\\Timothy\\Desktop\\workbench\\nobsc\\api\\src\\controllers\\supplier.ts","statementMap":{"0":{"start":{"line":3,"column":0},"end":{"line":3,"column":null}},"1":{"start":{"line":4,"column":0},"end":{"line":4,"column":null}},"2":{"start":{"line":6,"column":13},"end":{"line":6,"column":34}},"3":{"start":{"line":8,"column":21},"end":{"line":8,"column":25}},"4":{"start":{"line":10,"column":17},"end":{"line":10,"column":31}},"5":{"start":{"line":12,"column":4},"end":{"line":12,"column":11}},"6":{"start":{"line":15,"column":15},"end":{"line":15,"column":22}},"7":{"start":{"line":17,"column":21},"end":{"line":17,"column":25}},"8":{"start":{"line":19,"column":20},"end":{"line":19,"column":34}},"9":{"start":{"line":21,"column":4},"end":{"line":21,"column":11}}},"fnMap":{"0":{"name":"(anonymous_7)","decl":{"start":{"line":7,"column":8},"end":{"line":7,"column":23}},"loc":{"start":{"line":7,"column":50},"end":{"line":13,"column":null}}},"1":{"name":"(anonymous_9)","decl":{"start":{"line":14,"column":12},"end":{"line":14,"column":27}},"loc":{"start":{"line":14,"column":54},"end":{"line":22,"column":null}}}},"branchMap":{},"s":{"0":1,"1":1,"2":1,"3":3,"4":3,"5":3,"6":3,"7":3,"8":3,"9":3},"f":{"0":3,"1":3},"b":{}}
,"C:\\Users\\Timothy\\Desktop\\workbench\\nobsc\\api\\src\\controllers\\staff\\auth.ts": {"path":"C:\\Users\\Timothy\\Desktop\\workbench\\nobsc\\api\\src\\controllers\\staff\\auth.ts","statementMap":{"0":{"start":{"line":2,"column":0},"end":{"line":2,"column":null}},"1":{"start":{"line":4,"column":0},"end":{"line":4,"column":null}},"2":{"start":{"line":6,"column":0},"end":{"line":6,"column":null}},"3":{"start":{"line":7,"column":0},"end":{"line":7,"column":null}},"4":{"start":{"line":8,"column":0},"end":{"line":8,"column":null}},"5":{"start":{"line":11,"column":0},"end":{"line":11,"column":null}},"6":{"start":{"line":12,"column":0},"end":{"line":12,"column":null}},"7":{"start":{"line":14,"column":20},"end":{"line":14,"column":null}},"8":{"start":{"line":16,"column":13},"end":{"line":16,"column":35}},"9":{"start":{"line":18,"column":49},"end":{"line":18,"column":null}},"10":{"start":{"line":20,"column":4},"end":{"line":20,"column":11}},"11":{"start":{"line":22,"column":4},"end":{"line":24,"column":null}},"12":{"start":{"line":23,"column":6},"end":{"line":23,"column":13}},"13":{"start":{"line":26,"column":4},"end":{"line":30,"column":null}},"14":{"start":{"line":27,"column":6},"end":{"line":27,"column":13}},"15":{"start":{"line":33,"column":4},"end":{"line":35,"column":null}},"16":{"start":{"line":34,"column":6},"end":{"line":34,"column":13}},"17":{"start":{"line":37,"column":4},"end":{"line":39,"column":null}},"18":{"start":{"line":38,"column":6},"end":{"line":38,"column":13}},"19":{"start":{"line":41,"column":4},"end":{"line":45,"column":null}},"20":{"start":{"line":42,"column":6},"end":{"line":42,"column":13}},"21":{"start":{"line":47,"column":18},"end":{"line":47,"column":22}},"22":{"start":{"line":49,"column":28},"end":{"line":49,"column":39}},"23":{"start":{"line":50,"column":4},"end":{"line":52,"column":null}},"24":{"start":{"line":51,"column":6},"end":{"line":51,"column":13}},"25":{"start":{"line":54,"column":28},"end":{"line":54,"column":39}},"26":{"start":{"line":55,"column":4},"end":{"line":57,"column":null}},"27":{"start":{"line":56,"column":6},"end":{"line":56,"column":13}},"28":{"start":{"line":59,"column":30},"end":{"line":59,"column":43}},"29":{"start":{"line":61,"column":26},"end":{"line":61,"column":27}},"30":{"start":{"line":63,"column":4},"end":{"line":63,"column":11}},"31":{"start":{"line":65,"column":4},"end":{"line":65,"column":10}},"32":{"start":{"line":67,"column":4},"end":{"line":67,"column":11}},"33":{"start":{"line":70,"column":38},"end":{"line":70,"column":null}},"34":{"start":{"line":72,"column":4},"end":{"line":72,"column":11}},"35":{"start":{"line":75,"column":4},"end":{"line":77,"column":null}},"36":{"start":{"line":76,"column":6},"end":{"line":76,"column":13}},"37":{"start":{"line":79,"column":4},"end":{"line":79,"column":32}},"38":{"start":{"line":79,"column":25},"end":{"line":79,"column":32}},"39":{"start":{"line":81,"column":4},"end":{"line":81,"column":33}},"40":{"start":{"line":81,"column":26},"end":{"line":81,"column":33}},"41":{"start":{"line":83,"column":18},"end":{"line":83,"column":22}},"42":{"start":{"line":85,"column":28},"end":{"line":85,"column":39}},"43":{"start":{"line":86,"column":4},"end":{"line":88,"column":null}},"44":{"start":{"line":87,"column":6},"end":{"line":87,"column":13}},"45":{"start":{"line":92,"column":30},"end":{"line":92,"column":43}},"46":{"start":{"line":93,"column":4},"end":{"line":95,"column":null}},"47":{"start":{"line":94,"column":6},"end":{"line":94,"column":13}},"48":{"start":{"line":97,"column":4},"end":{"line":97,"column":7}},"49":{"start":{"line":98,"column":4},"end":{"line":98,"column":7}},"50":{"start":{"line":99,"column":4},"end":{"line":99,"column":7}},"51":{"start":{"line":100,"column":4},"end":{"line":100,"column":7}},"52":{"start":{"line":102,"column":4},"end":{"line":102,"column":11}},"53":{"start":{"line":109,"column":4},"end":{"line":109,"column":7}},"54":{"start":{"line":110,"column":4},"end":{"line":110,"column":11}}},"fnMap":{"0":{"name":"(anonymous_8)","decl":{"start":{"line":17,"column":12},"end":{"line":17,"column":27}},"loc":{"start":{"line":17,"column":54},"end":{"line":68,"column":null}}},"1":{"name":"(anonymous_10)","decl":{"start":{"line":69,"column":9},"end":{"line":69,"column":24}},"loc":{"start":{"line":69,"column":51},"end":{"line":107,"column":null}}},"2":{"name":"(anonymous_12)","decl":{"start":{"line":108,"column":10},"end":{"line":108,"column":25}},"loc":{"start":{"line":108,"column":52},"end":{"line":111,"column":null}}},"3":{"name":"(anonymous_14)","decl":{"start":{"line":109,"column":25},"end":{"line":109,"column":38}},"loc":{"start":{"line":109,"column":25},"end":{"line":109,"column":null}}}},"branchMap":{"0":{"loc":{"start":{"line":22,"column":4},"end":{"line":24,"column":null}},"type":"if","locations":[{"start":{"line":22,"column":4},"end":{"line":24,"column":null}},{"start":{"line":22,"column":4},"end":{"line":24,"column":null}}]},"1":{"loc":{"start":{"line":26,"column":4},"end":{"line":30,"column":null}},"type":"if","locations":[{"start":{"line":26,"column":4},"end":{"line":30,"column":null}},{"start":{"line":26,"column":4},"end":{"line":30,"column":null}}]},"2":{"loc":{"start":{"line":33,"column":4},"end":{"line":35,"column":null}},"type":"if","locations":[{"start":{"line":33,"column":4},"end":{"line":35,"column":null}},{"start":{"line":33,"column":4},"end":{"line":35,"column":null}}]},"3":{"loc":{"start":{"line":37,"column":4},"end":{"line":39,"column":null}},"type":"if","locations":[{"start":{"line":37,"column":4},"end":{"line":39,"column":null}},{"start":{"line":37,"column":4},"end":{"line":39,"column":null}}]},"4":{"loc":{"start":{"line":41,"column":4},"end":{"line":45,"column":null}},"type":"if","locations":[{"start":{"line":41,"column":4},"end":{"line":45,"column":null}},{"start":{"line":41,"column":4},"end":{"line":45,"column":null}}]},"5":{"loc":{"start":{"line":50,"column":4},"end":{"line":52,"column":null}},"type":"if","locations":[{"start":{"line":50,"column":4},"end":{"line":52,"column":null}},{"start":{"line":50,"column":4},"end":{"line":52,"column":null}}]},"6":{"loc":{"start":{"line":55,"column":4},"end":{"line":57,"column":null}},"type":"if","locations":[{"start":{"line":55,"column":4},"end":{"line":57,"column":null}},{"start":{"line":55,"column":4},"end":{"line":57,"column":null}}]},"7":{"loc":{"start":{"line":75,"column":4},"end":{"line":77,"column":null}},"type":"if","locations":[{"start":{"line":75,"column":4},"end":{"line":77,"column":null}},{"start":{"line":75,"column":4},"end":{"line":77,"column":null}}]},"8":{"loc":{"start":{"line":79,"column":4},"end":{"line":79,"column":32}},"type":"if","locations":[{"start":{"line":79,"column":4},"end":{"line":79,"column":32}},{"start":{"line":79,"column":4},"end":{"line":79,"column":32}}]},"9":{"loc":{"start":{"line":81,"column":4},"end":{"line":81,"column":33}},"type":"if","locations":[{"start":{"line":81,"column":4},"end":{"line":81,"column":33}},{"start":{"line":81,"column":4},"end":{"line":81,"column":33}}]},"10":{"loc":{"start":{"line":86,"column":4},"end":{"line":88,"column":null}},"type":"if","locations":[{"start":{"line":86,"column":4},"end":{"line":88,"column":null}},{"start":{"line":86,"column":4},"end":{"line":88,"column":null}}]},"11":{"loc":{"start":{"line":93,"column":4},"end":{"line":95,"column":null}},"type":"if","locations":[{"start":{"line":93,"column":4},"end":{"line":95,"column":null}},{"start":{"line":93,"column":4},"end":{"line":95,"column":null}}]}},"s":{"0":1,"1":1,"2":1,"3":1,"4":1,"5":1,"6":1,"7":1,"8":1,"9":0,"10":0,"11":0,"12":0,"13":0,"14":0,"15":0,"16":0,"17":0,"18":0,"19":0,"20":0,"21":0,"22":0,"23":0,"24":0,"25":0,"26":0,"27":0,"28":0,"29":0,"30":0,"31":0,"32":0,"33":0,"34":0,"35":0,"36":0,"37":0,"38":0,"39":0,"40":0,"41":0,"42":0,"43":0,"44":0,"45":0,"46":0,"47":0,"48":0,"49":0,"50":0,"51":0,"52":0,"53":2,"54":2},"f":{"0":0,"1":0,"2":2,"3":0},"b":{"0":[0,0],"1":[0,0],"2":[0,0],"3":[0,0],"4":[0,0],"5":[0,0],"6":[0,0],"7":[0,0],"8":[0,0],"9":[0,0],"10":[0,0],"11":[0,0]}}
,"C:\\Users\\Timothy\\Desktop\\workbench\\nobsc\\api\\src\\controllers\\staff\\content.ts": {"path":"C:\\Users\\Timothy\\Desktop\\workbench\\nobsc\\api\\src\\controllers\\staff\\content.ts","statementMap":{"0":{"start":{"line":2,"column":0},"end":{"line":2,"column":null}},"1":{"start":{"line":4,"column":0},"end":{"line":4,"column":null}},"2":{"start":{"line":5,"column":0},"end":{"line":5,"column":null}},"3":{"start":{"line":8,"column":0},"end":{"line":8,"column":null}},"4":{"start":{"line":11,"column":0},"end":{"line":11,"column":null}},"5":{"start":{"line":13,"column":13},"end":{"line":13,"column":38}},"6":{"start":{"line":15,"column":26},"end":{"line":15,"column":33}},"7":{"start":{"line":16,"column":40},"end":{"line":16,"column":null}},"8":{"start":{"line":18,"column":21},"end":{"line":18,"column":null}},"9":{"start":{"line":19,"column":20},"end":{"line":19,"column":null}},"10":{"start":{"line":20,"column":22},"end":{"line":20,"column":21}},"11":{"start":{"line":22,"column":28},"end":{"line":22,"column":null}},"12":{"start":{"line":33,"column":4},"end":{"line":33,"column":null}},"13":{"start":{"line":38,"column":20},"end":{"line":38,"column":24}},"14":{"start":{"line":40,"column":4},"end":{"line":40,"column":10}},"15":{"start":{"line":42,"column":4},"end":{"line":42,"column":11}},"16":{"start":{"line":45,"column":15},"end":{"line":45,"column":22}},"17":{"start":{"line":46,"column":26},"end":{"line":46,"column":33}},"18":{"start":{"line":47,"column":40},"end":{"line":47,"column":null}},"19":{"start":{"line":49,"column":20},"end":{"line":49,"column":null}},"20":{"start":{"line":51,"column":32},"end":{"line":51,"column":null}},"21":{"start":{"line":60,"column":4},"end":{"line":60,"column":null}},"22":{"start":{"line":65,"column":20},"end":{"line":65,"column":24}},"23":{"start":{"line":67,"column":4},"end":{"line":67,"column":10}},"24":{"start":{"line":69,"column":4},"end":{"line":69,"column":11}},"25":{"start":{"line":72,"column":15},"end":{"line":72,"column":22}},"26":{"start":{"line":74,"column":20},"end":{"line":74,"column":null}},"27":{"start":{"line":76,"column":20},"end":{"line":76,"column":24}},"28":{"start":{"line":78,"column":4},"end":{"line":78,"column":10}},"29":{"start":{"line":80,"column":4},"end":{"line":80,"column":11}}},"fnMap":{"0":{"name":"(anonymous_7)","decl":{"start":{"line":14,"column":10},"end":{"line":14,"column":25}},"loc":{"start":{"line":14,"column":52},"end":{"line":43,"column":null}}},"1":{"name":"(anonymous_9)","decl":{"start":{"line":44,"column":10},"end":{"line":44,"column":25}},"loc":{"start":{"line":44,"column":52},"end":{"line":70,"column":null}}},"2":{"name":"(anonymous_11)","decl":{"start":{"line":71,"column":10},"end":{"line":71,"column":25}},"loc":{"start":{"line":71,"column":52},"end":{"line":81,"column":null}}}},"branchMap":{},"s":{"0":1,"1":1,"2":1,"3":1,"4":1,"5":1,"6":4,"7":4,"8":4,"9":4,"10":4,"11":4,"12":4,"13":4,"14":4,"15":4,"16":4,"17":4,"18":4,"19":4,"20":4,"21":4,"22":4,"23":4,"24":4,"25":3,"26":3,"27":3,"28":3,"29":3},"f":{"0":4,"1":4,"2":3},"b":{}}
,"C:\\Users\\Timothy\\Desktop\\workbench\\nobsc\\api\\src\\controllers\\staff\\cuisineEquipment.ts": {"path":"C:\\Users\\Timothy\\Desktop\\workbench\\nobsc\\api\\src\\controllers\\staff\\cuisineEquipment.ts","statementMap":{"0":{"start":{"line":3,"column":0},"end":{"line":3,"column":null}},"1":{"start":{"line":4,"column":0},"end":{"line":4,"column":null}},"2":{"start":{"line":6,"column":13},"end":{"line":6,"column":47}},"3":{"start":{"line":8,"column":22},"end":{"line":8,"column":29}},"4":{"start":{"line":9,"column":24},"end":{"line":9,"column":31}},"5":{"start":{"line":11,"column":29},"end":{"line":11,"column":33}},"6":{"start":{"line":13,"column":4},"end":{"line":13,"column":10}},"7":{"start":{"line":15,"column":4},"end":{"line":15,"column":11}},"8":{"start":{"line":18,"column":22},"end":{"line":18,"column":29}},"9":{"start":{"line":19,"column":24},"end":{"line":19,"column":31}},"10":{"start":{"line":21,"column":29},"end":{"line":21,"column":33}},"11":{"start":{"line":23,"column":4},"end":{"line":23,"column":10}},"12":{"start":{"line":25,"column":4},"end":{"line":25,"column":11}}},"fnMap":{"0":{"name":"(anonymous_7)","decl":{"start":{"line":7,"column":10},"end":{"line":7,"column":25}},"loc":{"start":{"line":7,"column":52},"end":{"line":16,"column":null}}},"1":{"name":"(anonymous_9)","decl":{"start":{"line":17,"column":10},"end":{"line":17,"column":25}},"loc":{"start":{"line":17,"column":52},"end":{"line":26,"column":null}}}},"branchMap":{},"s":{"0":1,"1":1,"2":1,"3":3,"4":3,"5":3,"6":3,"7":3,"8":3,"9":3,"10":3,"11":3,"12":3},"f":{"0":3,"1":3},"b":{}}
,"C:\\Users\\Timothy\\Desktop\\workbench\\nobsc\\api\\src\\controllers\\staff\\cuisineIngredient.ts": {"path":"C:\\Users\\Timothy\\Desktop\\workbench\\nobsc\\api\\src\\controllers\\staff\\cuisineIngredient.ts","statementMap":{"0":{"start":{"line":3,"column":0},"end":{"line":3,"column":null}},"1":{"start":{"line":4,"column":0},"end":{"line":4,"column":null}},"2":{"start":{"line":6,"column":13},"end":{"line":6,"column":48}},"3":{"start":{"line":8,"column":22},"end":{"line":8,"column":29}},"4":{"start":{"line":9,"column":25},"end":{"line":9,"column":32}},"5":{"start":{"line":11,"column":30},"end":{"line":11,"column":34}},"6":{"start":{"line":13,"column":4},"end":{"line":13,"column":10}},"7":{"start":{"line":15,"column":4},"end":{"line":15,"column":11}},"8":{"start":{"line":18,"column":22},"end":{"line":18,"column":29}},"9":{"start":{"line":19,"column":25},"end":{"line":19,"column":32}},"10":{"start":{"line":21,"column":30},"end":{"line":21,"column":34}},"11":{"start":{"line":23,"column":4},"end":{"line":23,"column":10}},"12":{"start":{"line":25,"column":4},"end":{"line":25,"column":11}}},"fnMap":{"0":{"name":"(anonymous_7)","decl":{"start":{"line":7,"column":10},"end":{"line":7,"column":25}},"loc":{"start":{"line":7,"column":52},"end":{"line":16,"column":null}}},"1":{"name":"(anonymous_9)","decl":{"start":{"line":17,"column":10},"end":{"line":17,"column":25}},"loc":{"start":{"line":17,"column":52},"end":{"line":26,"column":null}}}},"branchMap":{},"s":{"0":1,"1":1,"2":1,"3":3,"4":3,"5":3,"6":3,"7":3,"8":3,"9":3,"10":3,"11":3,"12":3},"f":{"0":3,"1":3},"b":{}}
,"C:\\Users\\Timothy\\Desktop\\workbench\\nobsc\\api\\src\\controllers\\staff\\cuisineSupplier.ts": {"path":"C:\\Users\\Timothy\\Desktop\\workbench\\nobsc\\api\\src\\controllers\\staff\\cuisineSupplier.ts","statementMap":{"0":{"start":{"line":3,"column":0},"end":{"line":3,"column":null}},"1":{"start":{"line":4,"column":0},"end":{"line":4,"column":null}},"2":{"start":{"line":6,"column":13},"end":{"line":6,"column":46}},"3":{"start":{"line":8,"column":22},"end":{"line":8,"column":29}},"4":{"start":{"line":9,"column":23},"end":{"line":9,"column":30}},"5":{"start":{"line":11,"column":28},"end":{"line":11,"column":32}},"6":{"start":{"line":13,"column":4},"end":{"line":13,"column":10}},"7":{"start":{"line":15,"column":4},"end":{"line":15,"column":11}},"8":{"start":{"line":18,"column":22},"end":{"line":18,"column":29}},"9":{"start":{"line":19,"column":23},"end":{"line":19,"column":30}},"10":{"start":{"line":21,"column":28},"end":{"line":21,"column":32}},"11":{"start":{"line":23,"column":4},"end":{"line":23,"column":10}},"12":{"start":{"line":25,"column":4},"end":{"line":25,"column":11}}},"fnMap":{"0":{"name":"(anonymous_7)","decl":{"start":{"line":7,"column":10},"end":{"line":7,"column":25}},"loc":{"start":{"line":7,"column":52},"end":{"line":16,"column":null}}},"1":{"name":"(anonymous_9)","decl":{"start":{"line":17,"column":10},"end":{"line":17,"column":25}},"loc":{"start":{"line":17,"column":52},"end":{"line":26,"column":null}}}},"branchMap":{},"s":{"0":1,"1":1,"2":1,"3":3,"4":3,"5":3,"6":3,"7":3,"8":3,"9":3,"10":3,"11":3,"12":3},"f":{"0":3,"1":3},"b":{}}
,"C:\\Users\\Timothy\\Desktop\\workbench\\nobsc\\api\\src\\controllers\\staff\\equipment.ts": {"path":"C:\\Users\\Timothy\\Desktop\\workbench\\nobsc\\api\\src\\controllers\\staff\\equipment.ts","statementMap":{"0":{"start":{"line":2,"column":0},"end":{"line":2,"column":null}},"1":{"start":{"line":4,"column":0},"end":{"line":4,"column":null}},"2":{"start":{"line":5,"column":0},"end":{"line":5,"column":null}},"3":{"start":{"line":6,"column":0},"end":{"line":6,"column":null}},"4":{"start":{"line":7,"column":0},"end":{"line":7,"column":null}},"5":{"start":{"line":10,"column":0},"end":{"line":10,"column":null}},"6":{"start":{"line":12,"column":13},"end":{"line":12,"column":40}},"7":{"start":{"line":14,"column":28},"end":{"line":14,"column":35}},"8":{"start":{"line":15,"column":41},"end":{"line":15,"column":null}},"9":{"start":{"line":17,"column":21},"end":{"line":17,"column":null}},"10":{"start":{"line":18,"column":20},"end":{"line":18,"column":null}},"11":{"start":{"line":20,"column":30},"end":{"line":20,"column":null}},"12":{"start":{"line":29,"column":4},"end":{"line":29,"column":11}},"13":{"start":{"line":31,"column":22},"end":{"line":31,"column":26}},"14":{"start":{"line":33,"column":29},"end":{"line":33,"column":44}},"15":{"start":{"line":35,"column":24},"end":{"line":35,"column":null}},"16":{"start":{"line":38,"column":6},"end":{"line":38,"column":21}},"17":{"start":{"line":40,"column":28},"end":{"line":40,"column":32}},"18":{"start":{"line":42,"column":4},"end":{"line":42,"column":10}},"19":{"start":{"line":44,"column":4},"end":{"line":44,"column":11}},"20":{"start":{"line":47,"column":15},"end":{"line":47,"column":22}},"21":{"start":{"line":48,"column":28},"end":{"line":48,"column":35}},"22":{"start":{"line":49,"column":41},"end":{"line":49,"column":null}},"23":{"start":{"line":51,"column":21},"end":{"line":51,"column":null}},"24":{"start":{"line":52,"column":20},"end":{"line":52,"column":null}},"25":{"start":{"line":54,"column":34},"end":{"line":54,"column":null}},"26":{"start":{"line":63,"column":4},"end":{"line":63,"column":11}},"27":{"start":{"line":65,"column":22},"end":{"line":65,"column":26}},"28":{"start":{"line":67,"column":4},"end":{"line":67,"column":10}},"29":{"start":{"line":69,"column":35},"end":{"line":69,"column":50}},"30":{"start":{"line":71,"column":28},"end":{"line":71,"column":32}},"31":{"start":{"line":73,"column":4},"end":{"line":73,"column":10}},"32":{"start":{"line":75,"column":4},"end":{"line":75,"column":11}},"33":{"start":{"line":78,"column":15},"end":{"line":78,"column":22}},"34":{"start":{"line":80,"column":22},"end":{"line":80,"column":26}},"35":{"start":{"line":81,"column":28},"end":{"line":81,"column":32}},"36":{"start":{"line":83,"column":4},"end":{"line":83,"column":10}},"37":{"start":{"line":84,"column":4},"end":{"line":84,"column":10}},"38":{"start":{"line":86,"column":4},"end":{"line":86,"column":11}}},"fnMap":{"0":{"name":"(anonymous_7)","decl":{"start":{"line":13,"column":10},"end":{"line":13,"column":25}},"loc":{"start":{"line":13,"column":52},"end":{"line":45,"column":null}}},"1":{"name":"(anonymous_9)","decl":{"start":{"line":46,"column":10},"end":{"line":46,"column":25}},"loc":{"start":{"line":46,"column":52},"end":{"line":76,"column":null}}},"2":{"name":"(anonymous_11)","decl":{"start":{"line":77,"column":10},"end":{"line":77,"column":25}},"loc":{"start":{"line":77,"column":52},"end":{"line":87,"column":null}}}},"branchMap":{},"s":{"0":1,"1":1,"2":1,"3":1,"4":1,"5":1,"6":1,"7":4,"8":4,"9":4,"10":4,"11":4,"12":4,"13":4,"14":4,"15":4,"16":4,"17":4,"18":4,"19":4,"20":4,"21":4,"22":4,"23":4,"24":4,"25":4,"26":4,"27":4,"28":4,"29":4,"30":4,"31":4,"32":4,"33":4,"34":4,"35":4,"36":4,"37":4,"38":4},"f":{"0":4,"1":4,"2":4},"b":{}}
,"C:\\Users\\Timothy\\Desktop\\workbench\\nobsc\\api\\src\\controllers\\staff\\ingredient.ts": {"path":"C:\\Users\\Timothy\\Desktop\\workbench\\nobsc\\api\\src\\controllers\\staff\\ingredient.ts","statementMap":{"0":{"start":{"line":2,"column":0},"end":{"line":2,"column":null}},"1":{"start":{"line":4,"column":0},"end":{"line":4,"column":null}},"2":{"start":{"line":5,"column":0},"end":{"line":5,"column":null}},"3":{"start":{"line":6,"column":0},"end":{"line":6,"column":null}},"4":{"start":{"line":7,"column":0},"end":{"line":7,"column":null}},"5":{"start":{"line":10,"column":0},"end":{"line":10,"column":null}},"6":{"start":{"line":12,"column":13},"end":{"line":12,"column":41}},"7":{"start":{"line":14,"column":29},"end":{"line":14,"column":36}},"8":{"start":{"line":15,"column":18},"end":{"line":16,"column":null}},"9":{"start":{"line":17,"column":20},"end":{"line":18,"column":null}},"10":{"start":{"line":19,"column":41},"end":{"line":19,"column":null}},"11":{"start":{"line":21,"column":21},"end":{"line":21,"column":null}},"12":{"start":{"line":22,"column":20},"end":{"line":22,"column":null}},"13":{"start":{"line":24,"column":31},"end":{"line":24,"column":null}},"14":{"start":{"line":35,"column":4},"end":{"line":35,"column":11}},"15":{"start":{"line":37,"column":23},"end":{"line":37,"column":27}},"16":{"start":{"line":39,"column":30},"end":{"line":39,"column":46}},"17":{"start":{"line":41,"column":24},"end":{"line":41,"column":null}},"18":{"start":{"line":44,"column":6},"end":{"line":44,"column":22}},"19":{"start":{"line":46,"column":29},"end":{"line":46,"column":33}},"20":{"start":{"line":48,"column":4},"end":{"line":48,"column":10}},"21":{"start":{"line":50,"column":4},"end":{"line":50,"column":11}},"22":{"start":{"line":53,"column":15},"end":{"line":53,"column":22}},"23":{"start":{"line":54,"column":29},"end":{"line":54,"column":36}},"24":{"start":{"line":55,"column":18},"end":{"line":56,"column":null}},"25":{"start":{"line":57,"column":20},"end":{"line":58,"column":null}},"26":{"start":{"line":59,"column":41},"end":{"line":59,"column":null}},"27":{"start":{"line":61,"column":21},"end":{"line":61,"column":null}},"28":{"start":{"line":62,"column":20},"end":{"line":62,"column":null}},"29":{"start":{"line":64,"column":35},"end":{"line":64,"column":null}},"30":{"start":{"line":75,"column":4},"end":{"line":75,"column":11}},"31":{"start":{"line":77,"column":23},"end":{"line":77,"column":27}},"32":{"start":{"line":79,"column":4},"end":{"line":79,"column":10}},"33":{"start":{"line":81,"column":32},"end":{"line":81,"column":48}},"34":{"start":{"line":83,"column":29},"end":{"line":83,"column":33}},"35":{"start":{"line":85,"column":4},"end":{"line":85,"column":10}},"36":{"start":{"line":87,"column":4},"end":{"line":87,"column":11}},"37":{"start":{"line":90,"column":15},"end":{"line":90,"column":22}},"38":{"start":{"line":92,"column":23},"end":{"line":92,"column":27}},"39":{"start":{"line":93,"column":29},"end":{"line":93,"column":33}},"40":{"start":{"line":95,"column":4},"end":{"line":95,"column":10}},"41":{"start":{"line":96,"column":4},"end":{"line":96,"column":10}},"42":{"start":{"line":98,"column":4},"end":{"line":98,"column":11}}},"fnMap":{"0":{"name":"(anonymous_7)","decl":{"start":{"line":13,"column":10},"end":{"line":13,"column":25}},"loc":{"start":{"line":13,"column":52},"end":{"line":51,"column":null}}},"1":{"name":"(anonymous_9)","decl":{"start":{"line":52,"column":10},"end":{"line":52,"column":25}},"loc":{"start":{"line":52,"column":52},"end":{"line":88,"column":null}}},"2":{"name":"(anonymous_11)","decl":{"start":{"line":89,"column":10},"end":{"line":89,"column":25}},"loc":{"start":{"line":89,"column":52},"end":{"line":99,"column":null}}}},"branchMap":{"0":{"loc":{"start":{"line":16,"column":8},"end":{"line":16,"column":40}},"type":"cond-expr","locations":[{"start":{"line":16,"column":8},"end":{"line":16,"column":40}},{"start":{"line":16,"column":40},"end":{"line":16,"column":null}}]},"1":{"loc":{"start":{"line":18,"column":8},"end":{"line":18,"column":42}},"type":"cond-expr","locations":[{"start":{"line":18,"column":8},"end":{"line":18,"column":42}},{"start":{"line":18,"column":42},"end":{"line":18,"column":null}}]},"2":{"loc":{"start":{"line":56,"column":8},"end":{"line":56,"column":40}},"type":"cond-expr","locations":[{"start":{"line":56,"column":8},"end":{"line":56,"column":40}},{"start":{"line":56,"column":40},"end":{"line":56,"column":null}}]},"3":{"loc":{"start":{"line":58,"column":8},"end":{"line":58,"column":42}},"type":"cond-expr","locations":[{"start":{"line":58,"column":8},"end":{"line":58,"column":42}},{"start":{"line":58,"column":42},"end":{"line":58,"column":null}}]}},"s":{"0":1,"1":1,"2":1,"3":1,"4":1,"5":1,"6":1,"7":4,"8":4,"9":4,"10":4,"11":4,"12":4,"13":4,"14":4,"15":4,"16":4,"17":4,"18":4,"19":4,"20":4,"21":4,"22":4,"23":4,"24":4,"25":4,"26":4,"27":4,"28":4,"29":4,"30":4,"31":4,"32":4,"33":4,"34":4,"35":4,"36":4,"37":4,"38":4,"39":4,"40":4,"41":4,"42":4},"f":{"0":4,"1":4,"2":4},"b":{"0":[4,0],"1":[4,0],"2":[4,0],"3":[4,0]}}
,"C:\\Users\\Timothy\\Desktop\\workbench\\nobsc\\api\\src\\controllers\\staff\\recipe.ts": {"path":"C:\\Users\\Timothy\\Desktop\\workbench\\nobsc\\api\\src\\controllers\\staff\\recipe.ts","statementMap":{"0":{"start":{"line":2,"column":0},"end":{"line":2,"column":null}},"1":{"start":{"line":4,"column":0},"end":{"line":4,"column":null}},"2":{"start":{"line":5,"column":0},"end":{"line":5,"column":null}},"3":{"start":{"line":6,"column":0},"end":{"line":6,"column":null}},"4":{"start":{"line":7,"column":0},"end":{"line":7,"column":null}},"5":{"start":{"line":8,"column":0},"end":{"line":8,"column":null}},"6":{"start":{"line":9,"column":0},"end":{"line":9,"column":null}},"7":{"start":{"line":10,"column":0},"end":{"line":10,"column":null}},"8":{"start":{"line":11,"column":0},"end":{"line":11,"column":null}},"9":{"start":{"line":12,"column":0},"end":{"line":12,"column":null}},"10":{"start":{"line":13,"column":0},"end":{"line":13,"column":null}},"11":{"start":{"line":14,"column":0},"end":{"line":14,"column":null}},"12":{"start":{"line":15,"column":0},"end":{"line":15,"column":null}},"13":{"start":{"line":16,"column":0},"end":{"line":16,"column":null}},"14":{"start":{"line":18,"column":13},"end":{"line":18,"column":37}},"15":{"start":{"line":20,"column":25},"end":{"line":20,"column":32}},"16":{"start":{"line":21,"column":22},"end":{"line":21,"column":29}},"17":{"start":{"line":36,"column":8},"end":{"line":36,"column":null}},"18":{"start":{"line":38,"column":21},"end":{"line":38,"column":null}},"19":{"start":{"line":39,"column":20},"end":{"line":39,"column":null}},"20":{"start":{"line":41,"column":27},"end":{"line":41,"column":null}},"21":{"start":{"line":57,"column":4},"end":{"line":57,"column":11}},"22":{"start":{"line":59,"column":4},"end":{"line":59,"column":10}},"23":{"start":{"line":68,"column":4},"end":{"line":68,"column":11}},"24":{"start":{"line":71,"column":15},"end":{"line":71,"column":22}},"25":{"start":{"line":72,"column":25},"end":{"line":72,"column":32}},"26":{"start":{"line":73,"column":22},"end":{"line":73,"column":29}},"27":{"start":{"line":88,"column":8},"end":{"line":88,"column":null}},"28":{"start":{"line":90,"column":21},"end":{"line":90,"column":null}},"29":{"start":{"line":91,"column":20},"end":{"line":91,"column":null}},"30":{"start":{"line":93,"column":4},"end":{"line":95,"column":null}},"31":{"start":{"line":94,"column":6},"end":{"line":94,"column":13}},"32":{"start":{"line":97,"column":31},"end":{"line":97,"column":null}},"33":{"start":{"line":113,"column":4},"end":{"line":113,"column":11}},"34":{"start":{"line":115,"column":4},"end":{"line":115,"column":10}},"35":{"start":{"line":126,"column":4},"end":{"line":126,"column":11}},"36":{"start":{"line":129,"column":15},"end":{"line":129,"column":22}},"37":{"start":{"line":132,"column":27},"end":{"line":132,"column":31}},"38":{"start":{"line":133,"column":24},"end":{"line":133,"column":28}},"39":{"start":{"line":134,"column":25},"end":{"line":134,"column":29}},"40":{"start":{"line":135,"column":28},"end":{"line":135,"column":32}},"41":{"start":{"line":136,"column":29},"end":{"line":136,"column":33}},"42":{"start":{"line":137,"column":28},"end":{"line":137,"column":32}},"43":{"start":{"line":138,"column":19},"end":{"line":138,"column":23}},"44":{"start":{"line":140,"column":25},"end":{"line":140,"column":29}},"45":{"start":{"line":143,"column":4},"end":{"line":143,"column":10}},"46":{"start":{"line":153,"column":4},"end":{"line":153,"column":10}},"47":{"start":{"line":155,"column":4},"end":{"line":155,"column":10}},"48":{"start":{"line":157,"column":4},"end":{"line":157,"column":11}}},"fnMap":{"0":{"name":"(anonymous_7)","decl":{"start":{"line":19,"column":10},"end":{"line":19,"column":25}},"loc":{"start":{"line":19,"column":52},"end":{"line":69,"column":null}}},"1":{"name":"(anonymous_9)","decl":{"start":{"line":70,"column":10},"end":{"line":70,"column":25}},"loc":{"start":{"line":70,"column":52},"end":{"line":127,"column":null}}},"2":{"name":"(anonymous_11)","decl":{"start":{"line":128,"column":10},"end":{"line":128,"column":25}},"loc":{"start":{"line":128,"column":52},"end":{"line":158,"column":null}}}},"branchMap":{"0":{"loc":{"start":{"line":93,"column":4},"end":{"line":95,"column":null}},"type":"if","locations":[{"start":{"line":93,"column":4},"end":{"line":95,"column":null}},{"start":{"line":93,"column":4},"end":{"line":95,"column":null}}]}},"s":{"0":1,"1":1,"2":1,"3":1,"4":1,"5":1,"6":1,"7":1,"8":1,"9":1,"10":1,"11":1,"12":1,"13":1,"14":1,"15":10,"16":10,"17":10,"18":10,"19":10,"20":10,"21":10,"22":10,"23":10,"24":10,"25":10,"26":10,"27":10,"28":10,"29":10,"30":10,"31":0,"32":10,"33":10,"34":10,"35":10,"36":11,"37":11,"38":11,"39":11,"40":11,"41":11,"42":11,"43":11,"44":11,"45":11,"46":11,"47":11,"48":11},"f":{"0":10,"1":10,"2":11},"b":{"0":[0,10]}}
,"C:\\Users\\Timothy\\Desktop\\workbench\\nobsc\\api\\src\\controllers\\user\\auth.ts": {"path":"C:\\Users\\Timothy\\Desktop\\workbench\\nobsc\\api\\src\\controllers\\user\\auth.ts","statementMap":{"0":{"start":{"line":2,"column":0},"end":{"line":2,"column":null}},"1":{"start":{"line":3,"column":0},"end":{"line":3,"column":null}},"2":{"start":{"line":4,"column":0},"end":{"line":4,"column":null}},"3":{"start":{"line":6,"column":0},"end":{"line":6,"column":null}},"4":{"start":{"line":7,"column":0},"end":{"line":7,"column":null}},"5":{"start":{"line":10,"column":0},"end":{"line":10,"column":null}},"6":{"start":{"line":21,"column":0},"end":{"line":21,"column":null}},"7":{"start":{"line":22,"column":0},"end":{"line":22,"column":null}},"8":{"start":{"line":23,"column":0},"end":{"line":23,"column":null}},"9":{"start":{"line":24,"column":0},"end":{"line":24,"column":null}},"10":{"start":{"line":25,"column":0},"end":{"line":25,"column":null}},"11":{"start":{"line":27,"column":0},"end":{"line":27,"column":null}},"12":{"start":{"line":28,"column":0},"end":{"line":28,"column":null}},"13":{"start":{"line":29,"column":0},"end":{"line":29,"column":null}},"14":{"start":{"line":30,"column":0},"end":{"line":30,"column":null}},"15":{"start":{"line":31,"column":0},"end":{"line":31,"column":null}},"16":{"start":{"line":32,"column":0},"end":{"line":32,"column":null}},"17":{"start":{"line":33,"column":0},"end":{"line":33,"column":null}},"18":{"start":{"line":34,"column":0},"end":{"line":34,"column":null}},"19":{"start":{"line":36,"column":20},"end":{"line":36,"column":null}},"20":{"start":{"line":38,"column":13},"end":{"line":38,"column":34}},"21":{"start":{"line":40,"column":48},"end":{"line":40,"column":null}},"22":{"start":{"line":42,"column":4},"end":{"line":42,"column":11}},"23":{"start":{"line":44,"column":17},"end":{"line":44,"column":21}},"24":{"start":{"line":47,"column":6},"end":{"line":47,"column":26}},"25":{"start":{"line":48,"column":4},"end":{"line":48,"column":23}},"26":{"start":{"line":48,"column":16},"end":{"line":48,"column":23}},"27":{"start":{"line":50,"column":30},"end":{"line":50,"column":43}},"28":{"start":{"line":52,"column":29},"end":{"line":52,"column":null}},"29":{"start":{"line":54,"column":25},"end":{"line":54,"column":null}},"30":{"start":{"line":61,"column":4},"end":{"line":61,"column":11}},"31":{"start":{"line":63,"column":4},"end":{"line":63,"column":10}},"32":{"start":{"line":65,"column":4},"end":{"line":65,"column":26}},"33":{"start":{"line":67,"column":4},"end":{"line":67,"column":11}},"34":{"start":{"line":70,"column":56},"end":{"line":70,"column":null}},"35":{"start":{"line":72,"column":4},"end":{"line":72,"column":11}},"36":{"start":{"line":74,"column":17},"end":{"line":74,"column":21}},"37":{"start":{"li
[...]
column":16},"end":{"line":78,"column":null}},"30":{"start":{"line":79,"column":21},"end":{"line":79,"column":32}},"31":{"start":{"line":80,"column":4},"end":{"line":80,"column":11}},"32":{"start":{"line":3,"column":0},"end":{"line":3,"column":13}}},"fnMap":{"0":{"name":"(anonymous_7)","decl":{"start":{"line":6,"column":2},"end":{"line":6,"column":14}},"loc":{"start":{"line":6,"column":24},"end":{"line":13,"column":null}}},"1":{"name":"(anonymous_8)","decl":{"start":{"line":15,"column":8},"end":{"line":15,"column":22}},"loc":{"start":{"line":15,"column":39},"end":{"line":25,"column":null}}},"2":{"name":"(anonymous_10)","decl":{"start":{"line":27,"column":8},"end":{"line":27,"column":14}},"loc":{"start":{"line":27,"column":60},"end":{"line":34,"column":null}}},"3":{"name":"(anonymous_12)","decl":{"start":{"line":37,"column":8},"end":{"line":37,"column":14}},"loc":{"start":{"line":40,"column":20},"end":{"line":69,"column":null}}},"4":{"name":"(anonymous_14)","decl":{"start":{"line":71,"column":8},"end":{"line":71,"column":24}},"loc":{"start":{"line":71,"column":41},"end":{"line":75,"column":null}}},"5":{"name":"(anonymous_16)","decl":{"start":{"line":77,"column":8},"end":{"line":77,"column":25}},"loc":{"start":{"line":77,"column":45},"end":{"line":81,"column":null}}}},"branchMap":{"0":{"loc":{"start":{"line":44,"column":6},"end":{"line":43,"column":18}},"type":"cond-expr","locations":[{"start":{"line":44,"column":6},"end":{"line":43,"column":18}},{"start":{"line":48,"column":6},"end":{"line":48,"column":null}}]},"1":{"loc":{"start":{"line":56,"column":6},"end":{"line":62,"column":null}},"type":"if","locations":[{"start":{"line":56,"column":6},"end":{"line":62,"column":null}},{"start":{"line":56,"column":6},"end":{"line":62,"column":null}}]}},"s":{"0":0,"1":0,"2":0,"3":0,"4":0,"5":0,"6":0,"7":0,"8":0,"9":0,"10":0,"11":0,"12":0,"13":0,"14":0,"15":0,"16":0,"17":0,"18":0,"19":0,"20":0,"21":0,"22":0,"23":0,"24":0,"25":0,"26":0,"27":0,"28":0,"29":0,"30":0,"31":0,"32":3},"f":{"0":0,"1":0,"2":0,"3":0,"4":0,"5":0},"b":{"0":[0,0],"1":[0,0]}}
,"C:\\Users\\Timothy\\Desktop\\workbench\\nobsc\\api\\src\\mysql-access\\RecipeSubrecipe.ts": {"path":"C:\\Users\\Timothy\\Desktop\\workbench\\nobsc\\api\\src\\mysql-access\\RecipeSubrecipe.ts","statementMap":{"0":{"start":{"line":7,"column":4},"end":{"line":7,"column":9}},"1":{"start":{"line":8,"column":4},"end":{"line":8,"column":9}},"2":{"start":{"line":9,"column":4},"end":{"line":9,"column":9}},"3":{"start":{"line":10,"column":4},"end":{"line":10,"column":9}},"4":{"start":{"line":11,"column":4},"end":{"line":11,"column":9}},"5":{"start":{"line":12,"column":4},"end":{"line":12,"column":9}},"6":{"start":{"line":13,"column":4},"end":{"line":13,"column":9}},"7":{"start":{"line":14,"column":4},"end":{"line":14,"column":9}},"8":{"start":{"line":18,"column":16},"end":{"line":18,"column":10}},"9":{"start":{"line":26,"column":21},"end":{"line":26,"column":32}},"10":{"start":{"line":27,"column":4},"end":{"line":27,"column":11}},"11":{"start":{"line":31,"column":16},"end":{"line":31,"column":10}},"12":{"start":{"line":36,"column":21},"end":{"line":36,"column":32}},"13":{"start":{"line":38,"column":4},"end":{"line":38,"column":11}},"14":{"start":{"line":47,"column":17},"end":{"line":47,"column":null}},"15":{"start":{"line":48,"column":18},"end":{"line":54,"column":null}},"16":{"start":{"line":55,"column":23},"end":{"line":55,"column":34}},"17":{"start":{"line":57,"column":4},"end":{"line":57,"column":10}},"18":{"start":{"line":59,"column":4},"end":{"line":75,"column":null}},"19":{"start":{"line":60,"column":6},"end":{"line":60,"column":12}},"20":{"start":{"line":62,"column":6},"end":{"line":69,"column":null}},"21":{"start":{"line":63,"column":25},"end":{"line":63,"column":41}},"22":{"start":{"line":65,"column":8},"end":{"line":65,"column":14}},"23":{"start":{"line":66,"column":8},"end":{"line":66,"column":15}},"24":{"start":{"line":68,"column":8},"end":{"line":68,"column":14}},"25":{"start":{"line":71,"column":6},"end":{"line":71,"column":12}},"26":{"start":{"line":72,"column":6},"end":{"line":72,"column":12}},"27":{"start":{"line":74,"column":6},"end":{"line":74,"column":16}},"28":{"start":{"line":79,"column":16},"end":{"line":79,"column":null}},"29":{"start":{"line":80,"column":21},"end":{"line":80,"column":32}},"30":{"start":{"line":81,"column":4},"end":{"line":81,"column":11}},"31":{"start":{"line":85,"column":16},"end":{"line":85,"column":null}},"32":{"start":{"line":86,"column":21},"end":{"line":86,"column":32}},"33":{"start":{"line":87,"column":4},"end":{"line":87,"column":11}},"34":{"start":{"line":91,"column":16},"end":{"line":91,"column":null}},"35":{"start":{"line":92,"column":21},"end":{"line":92,"column":32}},"36":{"start":{"line":94,"column":4},"end":{"line":94,"column":11}},"37":{"start":{"line":98,"column":16},"end":{"line":98,"column":null}},"38":{"start":{"line":99,"column":21},"end":{"line":99,"column":32}},"39":{"start":{"line":101,"column":4},"end":{"line":101,"column":11}},"40":{"start":{"line":3,"column":0},"end":{"line":3,"column":13}}},"fnMap":{"0":{"name":"(anonymous_7)","decl":{"start":{"line":6,"column":2},"end":{"line":6,"column":14}},"loc":{"start":{"line":6,"column":24},"end":{"line":15,"column":null}}},"1":{"name":"(anonymous_8)","decl":{"start":{"line":17,"column":8},"end":{"line":17,"column":22}},"loc":{"start":{"line":17,"column":39},"end":{"line":28,"column":null}}},"2":{"name":"(anonymous_10)","decl":{"start":{"line":30,"column":8},"end":{"line":30,"column":14}},"loc":{"start":{"line":30,"column":63},"end":{"line":39,"column":null}}},"3":{"name":"(anonymous_12)","decl":{"start":{"line":42,"column":8},"end":{"line":42,"column":14}},"loc":{"start":{"line":45,"column":20},"end":{"line":76,"column":null}}},"4":{"name":"(anonymous_14)","decl":{"start":{"line":78,"column":8},"end":{"line":78,"column":24}},"loc":{"start":{"line":78,"column":41},"end":{"line":82,"column":null}}},"5":{"name":"(anonymous_16)","decl":{"start":{"line":84,"column":8},"end":{"line":84,"column":25}},"loc":{"start":{"line":84,"column":45},"end":{"line":88,"column":null}}},"6":{"name":"(anonymous_18)","decl":{"start":{"line":90,"column":8},"end":{"line":90,"column":27}},"loc":{"start":{"line":90,"column":47},"end":{"line":95,"column":null}}},"7":{"name":"(anonymous_20)","decl":{"start":{"line":97,"column":8},"end":{"line":97,"column":28}},"loc":{"start":{"line":97,"column":51},"end":{"line":102,"column":null}}}},"branchMap":{"0":{"loc":{"start":{"line":49,"column":6},"end":{"line":48,"column":18}},"type":"cond-expr","locations":[{"start":{"line":49,"column":6},"end":{"line":48,"column":18}},{"start":{"line":54,"column":6},"end":{"line":54,"column":null}}]},"1":{"loc":{"start":{"line":62,"column":6},"end":{"line":69,"column":null}},"type":"if","locations":[{"start":{"line":62,"column":6},"end":{"line":69,"column":null}},{"start":{"line":62,"column":6},"end":{"line":69,"column":null}}]}},"s":{"0":0,"1":0,"2":0,"3":0,"4":0,"5":0,"6":0,"7":0,"8":0,"9":0,"10":0,"11":0,"12":0,"13":0,"14":0,"15":0,"16":0,"17":0,"18":0,"19":0,"20":0,"21":0,"22":0,"23":0,"24":0,"25":0,"26":0,"27":0,"28":0,"29":0,"30":0,"31":0,"32":0,"33":0,"34":0,"35":0,"36":0,"37":0,"38":0,"39":0,"40":3},"f":{"0":0,"1":0,"2":0,"3":0,"4":0,"5":0,"6":0,"7":0},"b":{"0":[0,0],"1":[0,0]}}
,"C:\\Users\\Timothy\\Desktop\\workbench\\nobsc\\api\\src\\mysql-access\\RecipeType.ts": {"path":"C:\\Users\\Timothy\\Desktop\\workbench\\nobsc\\api\\src\\mysql-access\\RecipeType.ts","statementMap":{"0":{"start":{"line":7,"column":4},"end":{"line":7,"column":9}},"1":{"start":{"line":8,"column":4},"end":{"line":8,"column":9}},"2":{"start":{"line":9,"column":4},"end":{"line":9,"column":9}},"3":{"start":{"line":13,"column":16},"end":{"line":13,"column":null}},"4":{"start":{"line":14,"column":21},"end":{"line":14,"column":32}},"5":{"start":{"line":15,"column":4},"end":{"line":15,"column":11}},"6":{"start":{"line":19,"column":16},"end":{"line":19,"column":null}},"7":{"start":{"line":20,"column":20},"end":{"line":20,"column":31}},"8":{"start":{"line":21,"column":4},"end":{"line":21,"column":11}},"9":{"start":{"line":3,"column":0},"end":{"line":3,"column":13}}},"fnMap":{"0":{"name":"(anonymous_7)","decl":{"start":{"line":6,"column":2},"end":{"line":6,"column":14}},"loc":{"start":{"line":6,"column":24},"end":{"line":10,"column":null}}},"1":{"name":"(anonymous_8)","decl":{"start":{"line":12,"column":8},"end":{"line":12,"column":12}},"loc":{"start":{"line":12,"column":12},"end":{"line":16,"column":null}}},"2":{"name":"(anonymous_10)","decl":{"start":{"line":18,"column":8},"end":{"line":18,"column":16}},"loc":{"start":{"line":18,"column":27},"end":{"line":22,"column":null}}}},"branchMap":{},"s":{"0":1,"1":1,"2":1,"3":1,"4":1,"5":1,"6":1,"7":1,"8":1,"9":1},"f":{"0":1,"1":1,"2":1},"b":{}}
,"C:\\Users\\Timothy\\Desktop\\workbench\\nobsc\\api\\src\\mysql-access\\SavedRecipe.ts": {"path":"C:\\Users\\Timothy\\Desktop\\workbench\\nobsc\\api\\src\\mysql-access\\SavedRecipe.ts","statementMap":{"0":{"start":{"line":7,"column":4},"end":{"line":7,"column":9}},"1":{"start":{"line":8,"column":4},"end":{"line":8,"column":9}},"2":{"start":{"line":9,"column":4},"end":{"line":9,"column":9}},"3":{"start":{"line":10,"column":4},"end":{"line":10,"column":9}},"4":{"start":{"line":11,"column":4},"end":{"line":11,"column":9}},"5":{"start":{"line":12,"column":4},"end":{"line":12,"column":9}},"6":{"start":{"line":16,"column":16},"end":{"line":16,"column":10}},"7":{"start":{"line":29,"column":21},"end":{"line":29,"column":32}},"8":{"start":{"line":30,"column":4},"end":{"line":30,"column":11}},"9":{"start":{"line":34,"column":4},"end":{"line":34,"column":10}},"10":{"start":{"line":36,"column":16},"end":{"line":36,"column":null}},"11":{"start":{"line":37,"column":20},"end":{"line":37,"column":31}},"12":{"start":{"line":39,"column":4},"end":{"line":39,"column":11}},"13":{"start":{"line":43,"column":16},"end":{"line":43,"column":10}},"14":{"start":{"line":46,"column":20},"end":{"line":46,"column":31}},"15":{"start":{"line":48,"column":4},"end":{"line":48,"column":11}},"16":{"start":{"line":52,"column":16},"end":{"line":52,"column":null}},"17":{"start":{"line":53,"column":21},"end":{"line":53,"column":32}},"18":{"start":{"line":54,"column":4},"end":{"line":54,"column":11}},"19":{"start":{"line":58,"column":16},"end":{"line":58,"column":null}},"20":{"start":{"line":59,"column":4},"end":{"line":59,"column":10}},"21":{"start":{"line":3,"column":0},"end":{"line":3,"column":13}}},"fnMap":{"0":{"name":"(anonymous_7)","decl":{"start":{"line":6,"column":2},"end":{"line":6,"column":14}},"loc":{"start":{"line":6,"column":24},"end":{"line":13,"column":null}}},"1":{"name":"(anonymous_8)","decl":{"start":{"line":15,"column":8},"end":{"line":15,"column":20}},"loc":{"start":{"line":15,"column":35},"end":{"line":31,"column":null}}},"2":{"name":"(anonymous_10)","decl":{"start":{"line":33,"column":8},"end":{"line":33,"column":14}},"loc":{"start":{"line":33,"column":47},"end":{"line":40,"column":null}}},"3":{"name":"(anonymous_12)","decl":{"start":{"line":42,"column":8},"end":{"line":42,"column":14}},"loc":{"start":{"line":42,"column":47},"end":{"line":49,"column":null}}},"4":{"name":"(anonymous_14)","decl":{"start":{"line":51,"column":8},"end":{"line":51,"column":27}},"loc":{"start":{"line":51,"column":44},"end":{"line":55,"column":null}}},"5":{"name":"(anonymous_16)","decl":{"start":{"line":57,"column":8},"end":{"line":57,"column":25}},"loc":{"start":{"line":57,"column":40},"end":{"line":60,"column":null}}}},"branchMap":{},"s":{"0":0,"1":0,"2":0,"3":0,"4":0,"5":0,"6":0,"7":0,"8":0,"9":0,"10":0,"11":0,"12":0,"13":0,"14":0,"15":0,"16":0,"17":0,"18":0,"19":0,"20":0,"21":3},"f":{"0":0,"1":0,"2":0,"3":0,"4":0,"5":0},"b":{}}
,"C:\\Users\\Timothy\\Desktop\\workbench\\nobsc\\api\\src\\mysql-access\\Staff.ts": {"path":"C:\\Users\\Timothy\\Desktop\\workbench\\nobsc\\api\\src\\mysql-access\\Staff.ts","statementMap":{"0":{"start":{"line":7,"column":4},"end":{"line":7,"column":9}},"1":{"start":{"line":8,"column":4},"end":{"line":8,"column":9}},"2":{"start":{"line":9,"column":4},"end":{"line":9,"column":9}},"3":{"start":{"line":10,"column":4},"end":{"line":10,"column":9}},"4":{"start":{"line":11,"column":4},"end":{"line":11,"column":9}},"5":{"start":{"line":12,"column":4},"end":{"line":12,"column":9}},"6":{"start":{"line":13,"column":4},"end":{"line":13,"column":9}},"7":{"start":{"line":14,"column":4},"end":{"line":14,"column":9}},"8":{"start":{"line":18,"column":16},"end":{"line":18,"column":10}},"9":{"start":{"line":23,"column":20},"end":{"line":23,"column":31}},"10":{"start":{"line":24,"column":4},"end":{"line":24,"column":11}},"11":{"start":{"line":28,"column":16},"end":{"line":28,"column":10}},"12":{"start":{"line":33,"column":20},"end":{"line":33,"column":31}},"13":{"start":{"line":34,"column":4},"end":{"line":34,"column":11}},"14":{"start":{"line":38,"column":16},"end":{"line":38,"column":10}},"15":{"start":{"line":41,"column":21},"end":{"line":41,"column":32}},"16":{"start":{"line":43,"column":4},"end":{"line":43,"column":11}},"17":{"start":{"line":47,"column":16},"end":{"line":47,"column":null}},"18":{"start":{"line":48,"column":20},"end":{"line":48,"column":31}},"19":{"start":{"line":49,"column":4},"end":{"line":49,"column":11}},"20":{"start":{"line":53,"column":16},"end":{"line":53,"column":10}},"21":{"start":{"line":56,"column":20},"end":{"line":56,"column":31}},"22":{"start":{"line":58,"column":4},"end":{"line":58,"column":11}},"23":{"start":{"line":62,"column":16},"end":{"line":62,"column":10}},"24":{"start":{"line":68,"column":20},"end":{"line":68,"column":31}},"25":{"start":{"line":70,"column":4},"end":{"line":70,"column":11}},"26":{"start":{"line":74,"column":16},"end":{"line":74,"column":null}},"27":{"start":{"line":75,"column":20},"end":{"line":75,"column":31}},"28":{"start":{"line":76,"column":4},"end":{"line":76,"column":11}},"29":{"start":{"line":3,"column":0},"end":{"line":3,"column":13}}},"fnMap":{"0":{"name":"(anonymous_7)","decl":{"start":{"line":6,"column":2},"end":{"line":6,"column":14}},"loc":{"start":{"line":6,"column":24},"end":{"line":15,"column":null}}},"1":{"name":"(anonymous_8)","decl":{"start":{"line":17,"column":8},"end":{"line":17,"column":18}},"loc":{"start":{"line":17,"column":32},"end":{"line":25,"column":null}}},"2":{"name":"(anonymous_10)","decl":{"start":{"line":27,"column":8},"end":{"line":27,"column":17}},"loc":{"start":{"line":27,"column":35},"end":{"line":35,"column":null}}},"3":{"name":"(anonymous_12)","decl":{"start":{"line":37,"column":8},"end":{"line":37,"column":12}},"loc":{"start":{"line":37,"column":46},"end":{"line":44,"column":null}}},"4":{"name":"(anonymous_14)","decl":{"start":{"line":46,"column":8},"end":{"line":46,"column":16}},"loc":{"start":{"line":46,"column":27},"end":{"line":50,"column":null}}},"5":{"name":"(anonymous_16)","decl":{"start":{"line":52,"column":8},"end":{"line":52,"column":14}},"loc":{"start":{"line":52,"column":57},"end":{"line":59,"column":null}}},"6":{"name":"(anonymous_18)","decl":{"start":{"line":61,"column":8},"end":{"line":61,"column":14}},"loc":{"start":{"line":61,"column":69},"end":{"line":71,"column":null}}},"7":{"name":"(anonymous_20)","decl":{"start":{"line":73,"column":8},"end":{"line":73,"column":14}},"loc":{"start":{"line":73,"column":25},"end":{"line":77,"column":null}}}},"branchMap":{},"s":{"0":0,"1":0,"2":0,"3":0,"4":0,"5":0,"6":0,"7":0,"8":0,"9":0,"10":0,"11":0,"12":0,"13":0,"14":0,"15":0,"16":0,"17":0,"18":0,"19":0,"20":0,"21":0,"22":0,"23":0,"24":0,"25":0,"26":0,"27":0,"28":0,"29":1},"f":{"0":0,"1":0,"2":0,"3":0,"4":0,"5":0,"6":0,"7":0},"b":{}}
,"C:\\Users\\Timothy\\Desktop\\workbench\\nobsc\\api\\src\\mysql-access\\User.ts": {"path":"C:\\Users\\Timothy\\Desktop\\workbench\\nobsc\\api\\src\\mysql-access\\User.ts","statementMap":{"0":{"start":{"line":7,"column":4},"end":{"line":7,"column":9}},"1":{"start":{"line":8,"column":4},"end":{"line":8,"column":9}},"2":{"start":{"line":9,"column":4},"end":{"line":9,"column":9}},"3":{"start":{"line":10,"column":4},"end":{"line":10,"column":9}},"4":{"start":{"line":11,"column":4},"end":{"line":11,"column":9}},"5":{"start":{"line":12,"column":4},"end":{"line":12,"column":9}},"6":{"start":{"line":13,"column":4},"end":{"line":13,"column":9}},"7":{"start":{"line":14,"column":4},"end":{"line":14,"column":9}},"8":{"start":{"line":15,"column":4},"end":{"line":15,"column":9}},"9":{"start":{"line":20,"column":16},"end":{"line":20,"column":10}},"10":{"start":{"line":25,"column":28},"end":{"line":25,"column":39}},"11":{"start":{"line":27,"column":4},"end":{"line":27,"column":11}},"12":{"start":{"line":32,"column":16},"end":{"line":32,"column":10}},"13":{"start":{"line":35,"column":20},"end":{"line":35,"column":31}},"14":{"start":{"line":37,"column":4},"end":{"line":37,"column":11}},"15":{"start":{"line":41,"column":16},"end":{"line":41,"column":null}},"16":{"start":{"line":42,"column":20},"end":{"line":42,"column":31}},"17":{"start":{"line":43,"column":4},"end":{"line":43,"column":11}},"18":{"start":{"line":47,"column":16},"end":{"line":47,"column":null}},"19":{"start":{"line":48,"column":20},"end":{"line":48,"column":31}},"20":{"start":{"line":49,"column":4},"end":{"line":49,"column":11}},"21":{"start":{"line":53,"column":16},"end":{"line":53,"column":10}},"22":{"start":{"line":57,"column":20},"end":{"line":57,"column":31}},"23":{"start":{"line":59,"column":4},"end":{"line":59,"column":11}},"24":{"start":{"line":63,"column":16},"end":{"line":63,"column":10}},"25":{"start":{"line":66,"column":20},"end":{"line":66,"column":31}},"26":{"start":{"line":67,"column":4},"end":{"line":67,"column":11}},"27":{"start":{"line":77,"column":16},"end":{"line":77,"column":10}},"28":{"start":{"line":83,"column":20},"end":{"line":83,"column":31}},"29":{"start":{"line":85,"column":4},"end":{"line":85,"column":11}},"30":{"start":{"line":89,"column":16},"end":{"line":89,"column":null}},"31":{"start":{"line":90,"column":20},"end":{"line":90,"column":31}},"32":{"start":{"line":91,"column":4},"end":{"line":91,"column":11}},"33":{"start":{"line":3,"column":0},"end":{"line":3,"column":13}}},"fnMap":{"0":{"name":"(anonymous_7)","decl":{"start":{"line":6,"column":2},"end":{"line":6,"column":14}},"loc":{"start":{"line":6,"column":24},"end":{"line":16,"column":null}}},"1":{"name":"(anonymous_8)","decl":{"start":{"line":19,"column":8},"end":{"line":19,"column":18}},"loc":{"start":{"line":19,"column":32},"end":{"line":28,"column":null}}},"2":{"name":"(anonymous_10)","decl":{"start":{"line":31,"column":8},"end":{"line":31,"column":17}},"loc":{"start":{"line":31,"column":34},"end":{"line":38,"column":null}}},"3":{"name":"(anonymous_12)","decl":{"start":{"line":40,"column":8},"end":{"line":40,"column":16}},"loc":{"start":{"line":40,"column":27},"end":{"line":44,"column":null}}},"4":{"name":"(anonymous_14)","decl":{"start":{"line":46,"column":8},"end":{"line":46,"column":18}},"loc":{"start":{"line":46,"column":35},"end":{"line":50,"column":null}}},"5":{"name":"(anonymous_16)","decl":{"start":{"line":52,"column":8},"end":{"line":52,"column":14}},"loc":{"start":{"line":52,"column":73},"end":{"line":60,"column":null}}},"6":{"name":"(anonymous_18)","decl":{"start":{"line":62,"column":8},"end":{"line":62,"column":14}},"loc":{"start":{"line":62,"column":28},"end":{"line":68,"column":null}}},"7":{"name":"(anonymous_20)","decl":{"start":{"line":70,"column":8},"end":{"line":70,"column":14}},"loc":{"start":{"line":76,"column":18},"end":{"line":86,"column":null}}},"8":{"name":"(anonymous_22)","decl":{"start":{"line":88,"column":8},"end":{"line":88,"column":14}},"loc":{"start":{"line":88,"column":25},"end":{"line":92,"column":null}}}},"branchMap":{},"s":{"0":0,"1":0,"2":0,"3":0,"4":0,"5":0,"6":0,"7":0,"8":0,"9":0,"10":0,"11":0,"12":0,"13":0,"14":0,"15":0,"16":0,"17":0,"18":0,"19":0,"20":0,"21":0,"22":0,"23":0,"24":0,"25":0,"26":0,"27":0,"28":0,"29":0,"30":0,"31":0,"32":0,"33":2},"f":{"0":0,"1":0,"2":0,"3":0,"4":0,"5":0,"6":0,"7":0,"8":0},"b":{}}
}
